#! /usr/local/bin/vvp
:ivl_version "11.0 (devel)" "(s20150603-819-g462ee62f)";
:ivl_delay_selection "TYPICAL";
:vpi_time_precision + 0;
:vpi_module "/usr/local/lib/ivl/system.vpi";
:vpi_module "/usr/local/lib/ivl/vhdl_sys.vpi";
:vpi_module "/usr/local/lib/ivl/vhdl_textio.vpi";
:vpi_module "/usr/local/lib/ivl/v2005_math.vpi";
:vpi_module "/usr/local/lib/ivl/va_math.vpi";
S_0x7feca946c170 .scope module, "mips" "mips" 2 3;
 .timescale 0 0;
    .port_info 0 /INPUT 1 "clk";
    .port_info 1 /INPUT 1 "rst";
    .port_info 2 /INPUT 32 "memoryOutData";
    .port_info 3 /OUTPUT 32 "memoryAddress";
    .port_info 4 /OUTPUT 32 "memoryWriteData";
P_0x7feca946bc70 .param/l "N" 0 2 4, +C4<00000000000000000000000000100000>;
v0x7feca94a8290_0 .net "ALUControl", 3 0, v0x7feca94323d0_0;  1 drivers
v0x7feca94a8320_0 .net "ALUOp", 1 0, v0x7feca942af00_0;  1 drivers
v0x7feca94a83f0_0 .net "ALUOut", 31 0, v0x7feca9494d30_0;  1 drivers
v0x7feca94a8480_0 .net "ALUOverflow", 0 0, v0x7feca9491d80_0;  1 drivers
v0x7feca94a8550_0 .net "ALUSrcA", 0 0, v0x7feca942afb0_0;  1 drivers
v0x7feca94a8620_0 .net "ALUSrcB", 1 0, v0x7feca942b040_0;  1 drivers
v0x7feca94a86b0_0 .net "ALUZero", 0 0, L_0x7feca970b7e0;  1 drivers
v0x7feca94a8740_0 .net "Branch", 0 0, v0x7feca941e9b0_0;  1 drivers
v0x7feca94a87d0_0 .net "BranchNe", 0 0, v0x7feca941ea40_0;  1 drivers
v0x7feca94a88e0_0 .net "IRWrite", 0 0, v0x7feca941eb10_0;  1 drivers
v0x7feca94a8970_0 .net "IorD", 0 0, v0x7feca941eba0_0;  1 drivers
v0x7feca94a8a00_0 .net "MemRead", 0 0, v0x7feca940fde0_0;  1 drivers
v0x7feca94a8a90_0 .net "MemToReg", 0 0, v0x7feca940fe70_0;  1 drivers
v0x7feca94a8b60_0 .net "MemWrite", 0 0, v0x7feca940ff80_0;  1 drivers
v0x7feca94a8c30_0 .net "PCEn", 0 0, L_0x7feca9708cb0;  1 drivers
v0x7feca94a8cc0_0 .net "PCSource", 1 0, v0x7feca9410010_0;  1 drivers
v0x7feca94a8d50_0 .net "PCWrite", 0 0, v0x7feca940c8d0_0;  1 drivers
v0x7feca94a8f20_0 .net "RegDst", 0 0, v0x7feca940c960_0;  1 drivers
v0x7feca94a8fb0_0 .net "RegWrite", 0 0, v0x7feca940c9f0_0;  1 drivers
o0x7feca9542128 .functor BUFZ 1, C4<z>; HiZ drive
v0x7feca94a9040_0 .net "clk", 0 0, o0x7feca9542128;  0 drivers
v0x7feca94a90d0_0 .net "funct", 5 0, L_0x7feca9707660;  1 drivers
v0x7feca94a9160_0 .net "memoryAddress", 31 0, L_0x7feca970bf90;  1 drivers
o0x7feca9543448 .functor BUFZ 32, C4<zzzzzzzzzzzzzzzzzzzzzzzzzzzzzzzz>; HiZ drive
v0x7feca94a91f0_0 .net "memoryOutData", 31 0, o0x7feca9543448;  0 drivers
v0x7feca94a9280_0 .net "memoryWriteData", 31 0, L_0x7feca970aad0;  1 drivers
v0x7feca94a9310_0 .net "op", 5 0, L_0x7feca94a9430;  1 drivers
o0x7feca95421e8 .functor BUFZ 1, C4<z>; HiZ drive
v0x7feca94a93a0_0 .net "rst", 0 0, o0x7feca95421e8;  0 drivers
L_0x7feca94a9430 .part o0x7feca9543448, 26, 6;
L_0x7feca9707660 .part o0x7feca9543448, 0, 6;
S_0x7feca946b5e0 .scope module, "aluControl_1" "aluControl" 2 43, 3 4 0, S_0x7feca946c170;
 .timescale 0 0;
    .port_info 0 /INPUT 6 "inst";
    .port_info 1 /INPUT 2 "ALUOp";
    .port_info 2 /OUTPUT 4 "ALUControl";
P_0x7feca942e2a0 .param/l "ADD" 0 3 10, C4<100000>;
P_0x7feca942e2e0 .param/l "ALU_ADD" 0 3 18, C4<0010>;
P_0x7feca942e320 .param/l "ALU_AND" 0 3 20, C4<0000>;
P_0x7feca942e360 .param/l "ALU_NOR" 0 3 23, C4<0100>;
P_0x7feca942e3a0 .param/l "ALU_OR" 0 3 21, C4<0001>;
P_0x7feca942e3e0 .param/l "ALU_SUB" 0 3 19, C4<0110>;
P_0x7feca942e420 .param/l "ALU_XOR" 0 3 22, C4<0011>;
P_0x7feca942e460 .param/l "AND" 0 3 12, C4<100100>;
P_0x7feca942e4a0 .param/l "NOR" 0 3 15, C4<100111>;
P_0x7feca942e4e0 .param/l "OR" 0 3 13, C4<100101>;
P_0x7feca942e520 .param/l "SUB" 0 3 11, C4<100010>;
P_0x7feca942e560 .param/l "XOR" 0 3 14, C4<100110>;
v0x7feca94323d0_0 .var "ALUControl", 3 0;
v0x7feca9476f80_0 .net "ALUOp", 1 0, v0x7feca942af00_0;  alias, 1 drivers
v0x7feca9477030_0 .net "inst", 5 0, L_0x7feca9707660;  alias, 1 drivers
E_0x7feca9484760 .event edge, v0x7feca9476f80_0, v0x7feca9477030_0;
S_0x7feca9476110 .scope module, "control_1" "control" 2 22, 4 5 0, S_0x7feca946c170;
 .timescale 0 0;
    .port_info 0 /INPUT 6 "op";
    .port_info 1 /INPUT 1 "rst";
    .port_info 2 /INPUT 1 "clk";
    .port_info 3 /OUTPUT 1 "PCWrite";
    .port_info 4 /OUTPUT 1 "IorD";
    .port_info 5 /OUTPUT 1 "MemRead";
    .port_info 6 /OUTPUT 1 "MemWrite";
    .port_info 7 /OUTPUT 1 "MemToReg";
    .port_info 8 /OUTPUT 1 "IRWrite";
    .port_info 9 /OUTPUT 1 "ALUSrcA";
    .port_info 10 /OUTPUT 1 "RegWrite";
    .port_info 11 /OUTPUT 1 "RegDst";
    .port_info 12 /OUTPUT 2 "PCSource";
    .port_info 13 /OUTPUT 2 "ALUSrcB";
    .port_info 14 /OUTPUT 2 "ALUOp";
    .port_info 15 /OUTPUT 1 "Branch";
    .port_info 16 /OUTPUT 1 "BranchNe";
P_0x7feca980fc00 .param/l "ADDI" 0 4 35, C4<001000>;
P_0x7feca980fc40 .param/l "ADDI_EXECUTE" 0 4 25, C4<1010>;
P_0x7feca980fc80 .param/l "ADDI_WRITEBACK" 0 4 26, C4<1011>;
P_0x7feca980fcc0 .param/l "ALU_WRITEBACK" 0 4 22, C4<0111>;
P_0x7feca980fd00 .param/l "BEQ" 0 4 30, C4<000100>;
P_0x7feca980fd40 .param/l "BNE" 0 4 31, C4<000101>;
P_0x7feca980fd80 .param/l "BRANCH_EQ" 0 4 23, C4<1000>;
P_0x7feca980fdc0 .param/l "BRANCH_NEQ" 0 4 24, C4<1001>;
P_0x7feca980fe00 .param/l "DECODE" 0 4 16, C4<0001>;
P_0x7feca980fe40 .param/l "EXECUTE" 0 4 21, C4<0110>;
P_0x7feca980fe80 .param/l "FETCH" 0 4 15, C4<0000>;
P_0x7feca980fec0 .param/l "J" 0 4 34, C4<000010>;
P_0x7feca980ff00 .param/l "JUMP" 0 4 27, C4<1100>;
P_0x7feca980ff40 .param/l "LW" 0 4 32, C4<100011>;
P_0x7feca980ff80 .param/l "MEM_ADR" 0 4 17, C4<0010>;
P_0x7feca980ffc0 .param/l "MEM_READ" 0 4 18, C4<0011>;
P_0x7feca9810000 .param/l "MEM_WRITE" 0 4 20, C4<0101>;
P_0x7feca9810040 .param/l "MEM_WRITEBACK" 0 4 19, C4<0100>;
P_0x7feca9810080 .param/l "SW" 0 4 33, C4<101011>;
v0x7feca942af00_0 .var "ALUOp", 1 0;
v0x7feca942afb0_0 .var "ALUSrcA", 0 0;
v0x7feca942b040_0 .var "ALUSrcB", 1 0;
v0x7feca941e9b0_0 .var "Branch", 0 0;
v0x7feca941ea40_0 .var "BranchNe", 0 0;
v0x7feca941eb10_0 .var "IRWrite", 0 0;
v0x7feca941eba0_0 .var "IorD", 0 0;
v0x7feca940fde0_0 .var "MemRead", 0 0;
v0x7feca940fe70_0 .var "MemToReg", 0 0;
v0x7feca940ff80_0 .var "MemWrite", 0 0;
v0x7feca9410010_0 .var "PCSource", 1 0;
v0x7feca940c8d0_0 .var "PCWrite", 0 0;
v0x7feca940c960_0 .var "RegDst", 0 0;
v0x7feca940c9f0_0 .var "RegWrite", 0 0;
v0x7feca940ca80_0 .net "clk", 0 0, o0x7feca9542128;  alias, 0 drivers
v0x7feca940cb10_0 .var "next", 3 0;
v0x7feca94070a0_0 .net "op", 5 0, L_0x7feca94a9430;  alias, 1 drivers
v0x7feca9407230_0 .net "rst", 0 0, o0x7feca95421e8;  alias, 0 drivers
v0x7feca94072c0_0 .net "state", 3 0, v0x7feca9471f50_0;  1 drivers
E_0x7feca9473a70 .event edge, v0x7feca9471f50_0;
E_0x7feca9473ab0 .event edge, v0x7feca9471f50_0, v0x7feca94070a0_0;
S_0x7feca9472b80 .scope module, "reg_state" "register" 4 44, 5 1 0, S_0x7feca9476110;
 .timescale 0 0;
    .port_info 0 /INPUT 4 "din";
    .port_info 1 /INPUT 1 "clk";
    .port_info 2 /INPUT 1 "en";
    .port_info 3 /INPUT 1 "rst";
    .port_info 4 /OUTPUT 4 "dout";
P_0x7feca9473b50 .param/l "N" 0 5 2, +C4<00000000000000000000000000000100>;
v0x7feca9471e30_0 .net "clk", 0 0, o0x7feca9542128;  alias, 0 drivers
v0x7feca9471ec0_0 .net "din", 3 0, v0x7feca940cb10_0;  1 drivers
v0x7feca9471f50_0 .var "dout", 3 0;
L_0x7feca9573008 .functor BUFT 1, C4<1>, C4<0>, C4<0>, C4<0>;
v0x7feca9472000_0 .net "en", 0 0, L_0x7feca9573008;  1 drivers
v0x7feca942ae10_0 .net "rst", 0 0, o0x7feca95421e8;  alias, 0 drivers
E_0x7feca9472de0/0 .event negedge, v0x7feca942ae10_0;
E_0x7feca9472de0/1 .event posedge, v0x7feca9471e30_0;
E_0x7feca9472de0 .event/or E_0x7feca9472de0/0, E_0x7feca9472de0/1;
S_0x7feca9434030 .scope module, "datapath_1" "datapath" 2 62, 6 4 0, S_0x7feca946c170;
 .timescale 0 0;
    .port_info 0 /INPUT 2 "PCSource";
    .port_info 1 /INPUT 1 "ALUSrcA";
    .port_info 2 /INPUT 2 "ALUSrcB";
    .port_info 3 /INPUT 1 "RegWrite";
    .port_info 4 /INPUT 1 "RegDst";
    .port_info 5 /INPUT 1 "Branch";
    .port_info 6 /INPUT 1 "BranchNe";
    .port_info 7 /INPUT 1 "PCEn";
    .port_info 8 /INPUT 1 "IorD";
    .port_info 9 /INPUT 1 "MemRead";
    .port_info 10 /INPUT 1 "MemWrite";
    .port_info 11 /INPUT 1 "MemToReg";
    .port_info 12 /INPUT 1 "IRWrite";
    .port_info 13 /INPUT 1 "clk";
    .port_info 14 /INPUT 1 "rst";
    .port_info 15 /INPUT 4 "ALUControl";
    .port_info 16 /INPUT 32 "memoryOutData";
    .port_info 17 /OUTPUT 32 "instruction";
    .port_info 18 /OUTPUT 32 "ALUOut";
    .port_info 19 /OUTPUT 1 "ALUOverflow";
    .port_info 20 /OUTPUT 1 "ALUZero";
    .port_info 21 /OUTPUT 32 "memoryWriteData";
    .port_info 22 /OUTPUT 32 "memoryAddress";
P_0x7feca9474860 .param/l "N" 0 6 8, +C4<00000000000000000000000000100000>;
L_0x7feca970aad0 .functor BUFZ 32, v0x7feca94968c0_0, C4<00000000000000000000000000000000>, C4<00000000000000000000000000000000>, C4<00000000000000000000000000000000>;
v0x7feca94a5730_0 .net "ALUControl", 3 0, v0x7feca94323d0_0;  alias, 1 drivers
v0x7feca94a5810_0 .net "ALUOut", 31 0, v0x7feca9494d30_0;  alias, 1 drivers
v0x7feca94a5930_0 .net "ALUOverflow", 0 0, v0x7feca9491d80_0;  alias, 1 drivers
v0x7feca94a59c0_0 .net "ALUResult", 31 0, v0x7feca9491e10_0;  1 drivers
v0x7feca94a5a50_0 .net "ALUSrcA", 0 0, v0x7feca942afb0_0;  alias, 1 drivers
v0x7feca94a5b60_0 .net "ALUSrcB", 1 0, v0x7feca942b040_0;  alias, 1 drivers
v0x7feca94a5c30_0 .net "ALUZero", 0 0, L_0x7feca970b7e0;  alias, 1 drivers
v0x7feca94a5cc0_0 .net "Branch", 0 0, v0x7feca941e9b0_0;  alias, 1 drivers
v0x7feca94a5d50_0 .net "BranchNe", 0 0, v0x7feca941ea40_0;  alias, 1 drivers
o0x7feca9543208 .functor BUFZ 32, C4<zzzzzzzzzzzzzzzzzzzzzzzzzzzzzzzz>; HiZ drive
v0x7feca94a5e60_0 .net "Data", 31 0, o0x7feca9543208;  0 drivers
v0x7feca94a5ef0_0 .net "IRWrite", 0 0, v0x7feca941eb10_0;  alias, 1 drivers
RS_0x7feca9543478 .resolv tri, v0x7feca9495400_0, v0x7feca9495b30_0;
v0x7feca94a5f80_0 .net8 "Instr", 31 0, RS_0x7feca9543478;  2 drivers
v0x7feca94a6050_0 .net "IorD", 0 0, v0x7feca941eba0_0;  alias, 1 drivers
v0x7feca94a6120_0 .net "MemRead", 0 0, v0x7feca940fde0_0;  alias, 1 drivers
v0x7feca94a61b0_0 .net "MemToReg", 0 0, v0x7feca940fe70_0;  alias, 1 drivers
v0x7feca94a6240_0 .net "MemWrite", 0 0, v0x7feca940ff80_0;  alias, 1 drivers
v0x7feca94a62d0_0 .net "PCEn", 0 0, L_0x7feca9708cb0;  alias, 1 drivers
v0x7feca94a6460_0 .net "PCJump", 31 0, L_0x7feca970be30;  1 drivers
v0x7feca94a64f0_0 .net "PCSource", 1 0, v0x7feca9410010_0;  alias, 1 drivers
v0x7feca94a6580_0 .net "RegDst", 0 0, v0x7feca940c960_0;  alias, 1 drivers
v0x7feca94a6610_0 .net "RegWrite", 0 0, v0x7feca940c9f0_0;  alias, 1 drivers
v0x7feca94a66e0_0 .net *"_ivl_21", 3 0, L_0x7feca970b900;  1 drivers
L_0x7feca9573368 .functor BUFT 1, C4<00>, C4<0>, C4<0>, C4<0>;
v0x7feca94a6770_0 .net/2u *"_ivl_22", 1 0, L_0x7feca9573368;  1 drivers
v0x7feca94a6800_0 .net *"_ivl_25", 25 0, L_0x7feca970bc00;  1 drivers
v0x7feca94a6890_0 .net "a", 31 0, v0x7feca9496200_0;  1 drivers
o0x7feca95464a8 .functor BUFZ 5, C4<zzzzz>; HiZ drive
v0x7feca94a6960_0 .net "a1", 4 0, o0x7feca95464a8;  0 drivers
o0x7feca95464d8 .functor BUFZ 5, C4<zzzzz>; HiZ drive
v0x7feca94a69f0_0 .net "a2", 4 0, o0x7feca95464d8;  0 drivers
v0x7feca94a6aa0_0 .net "a3", 4 0, L_0x7feca9708e10;  1 drivers
v0x7feca94a6b70_0 .net "b", 31 0, v0x7feca94968c0_0;  1 drivers
v0x7feca94a6c40_0 .net "clk", 0 0, o0x7feca9542128;  alias, 0 drivers
v0x7feca94a6cd0_0 .net "imm_shift", 31 0, L_0x7feca970b700;  1 drivers
o0x7feca9546ad8 .functor BUFZ 32, C4<zzzzzzzzzzzzzzzzzzzzzzzzzzzzzzzz>; HiZ drive
v0x7feca94a6da0_0 .net "instruction", 31 0, o0x7feca9546ad8;  0 drivers
v0x7feca94a6e30_0 .net "memoryAddress", 31 0, L_0x7feca970bf90;  alias, 1 drivers
v0x7feca94a6360_0 .net "memoryOutData", 31 0, o0x7feca9543448;  alias, 0 drivers
v0x7feca94a70c0_0 .net "memoryWriteData", 31 0, L_0x7feca970aad0;  alias, 1 drivers
v0x7feca94a7150_0 .net "pc", 31 0, v0x7feca9496f90_0;  1 drivers
v0x7feca94a71e0_0 .net "pc_next", 31 0, v0x7feca9493230_0;  1 drivers
v0x7feca94a72c0_0 .net "rd1", 31 0, v0x7feca94a39e0_0;  1 drivers
v0x7feca94a7390_0 .net "rd2", 31 0, v0x7feca94a3ab0_0;  1 drivers
v0x7feca94a7460_0 .net "rst", 0 0, o0x7feca95421e8;  alias, 0 drivers
v0x7feca94a74f0_0 .net "sign_imm", 31 0, L_0x7feca970b2e0;  1 drivers
v0x7feca94a7580_0 .net "src_a", 31 0, L_0x7feca970ac50;  1 drivers
v0x7feca94a7650_0 .net "src_b", 31 0, v0x7feca9494090_0;  1 drivers
v0x7feca94a7720_0 .net "wd3", 31 0, L_0x7feca97090f0;  1 drivers
L_0x7feca9708eb0 .part RS_0x7feca9543478, 16, 5;
L_0x7feca9708f90 .part RS_0x7feca9543478, 11, 5;
L_0x7feca970b4c0 .part RS_0x7feca9543478, 0, 16;
L_0x7feca970b900 .part v0x7feca9496f90_0, 28, 4;
L_0x7feca970bc00 .part RS_0x7feca9543478, 0, 26;
L_0x7feca970bcd0 .concat [ 26 2 0 0], L_0x7feca970bc00, L_0x7feca9573368;
L_0x7feca970be30 .concat8 [ 28 4 0 0], L_0x7feca970baa0, L_0x7feca970b900;
S_0x7feca94914e0 .scope module, "alu_1" "alu" 6 149, 7 1 0, S_0x7feca9434030;
 .timescale 0 0;
    .port_info 0 /INPUT 32 "ALUInA";
    .port_info 1 /INPUT 32 "ALUInB";
    .port_info 2 /INPUT 4 "ALUControl";
    .port_info 3 /OUTPUT 32 "ALUResult";
    .port_info 4 /OUTPUT 1 "ALUZero";
    .port_info 5 /OUTPUT 1 "ALUOverflow";
P_0x7feca94916a0 .param/l "ALU_ADD" 0 7 10, C4<0010>;
P_0x7feca94916e0 .param/l "ALU_AND" 0 7 12, C4<0000>;
P_0x7feca9491720 .param/l "ALU_NOR" 0 7 15, C4<0100>;
P_0x7feca9491760 .param/l "ALU_OR" 0 7 13, C4<0001>;
P_0x7feca94917a0 .param/l "ALU_SUB" 0 7 11, C4<0110>;
P_0x7feca94917e0 .param/l "ALU_XOR" 0 7 14, C4<0011>;
P_0x7feca9491820 .param/l "N" 0 7 2, +C4<00000000000000000000000000100000>;
v0x7feca9491b90_0 .net "ALUControl", 3 0, v0x7feca94323d0_0;  alias, 1 drivers
v0x7feca9491c60_0 .net/s "ALUInA", 31 0, L_0x7feca970ac50;  alias, 1 drivers
v0x7feca9491cf0_0 .net/s "ALUInB", 31 0, v0x7feca9494090_0;  alias, 1 drivers
v0x7feca9491d80_0 .var "ALUOverflow", 0 0;
v0x7feca9491e10_0 .var/s "ALUResult", 31 0;
v0x7feca9491ee0_0 .net "ALUZero", 0 0, L_0x7feca970b7e0;  alias, 1 drivers
E_0x7feca9491b40 .event edge, v0x7feca94323d0_0, v0x7feca9491c60_0, v0x7feca9491cf0_0, v0x7feca9491e10_0;
L_0x7feca970b7e0 .reduce/nor v0x7feca9491e10_0;
S_0x7feca9492000 .scope module, "mux_a3" "mux2to1" 6 58, 8 1 0, S_0x7feca9434030;
 .timescale 0 0;
    .port_info 0 /INPUT 1 "sel";
    .port_info 1 /INPUT 5 "din0";
    .port_info 2 /INPUT 5 "din1";
    .port_info 3 /OUTPUT 5 "dout";
P_0x7feca94921c0 .param/l "N" 0 8 2, +C4<00000000000000000000000000000101>;
v0x7feca9492340_0 .net "din0", 4 0, L_0x7feca9708eb0;  1 drivers
v0x7feca94923d0_0 .net "din1", 4 0, L_0x7feca9708f90;  1 drivers
v0x7feca9492470_0 .net "dout", 4 0, L_0x7feca9708e10;  alias, 1 drivers
v0x7feca9492500_0 .net "sel", 0 0, v0x7feca940c960_0;  alias, 1 drivers
L_0x7feca9708e10 .functor MUXZ 5, L_0x7feca9708f90, L_0x7feca9708eb0, v0x7feca940c960_0, C4<>;
S_0x7feca94925c0 .scope module, "mux_iord" "mux2to1" 6 194, 8 1 0, S_0x7feca9434030;
 .timescale 0 0;
    .port_info 0 /INPUT 1 "sel";
    .port_info 1 /INPUT 32 "din0";
    .port_info 2 /INPUT 32 "din1";
    .port_info 3 /OUTPUT 32 "dout";
P_0x7feca9492780 .param/l "N" 0 8 2, +C4<00000000000000000000000000100000>;
v0x7feca9492920_0 .net "din0", 31 0, v0x7feca9496f90_0;  alias, 1 drivers
v0x7feca94929d0_0 .net "din1", 31 0, v0x7feca9494d30_0;  alias, 1 drivers
v0x7feca9492a70_0 .net "dout", 31 0, L_0x7feca970bf90;  alias, 1 drivers
v0x7feca9492b00_0 .net "sel", 0 0, v0x7feca941eba0_0;  alias, 1 drivers
L_0x7feca970bf90 .functor MUXZ 32, v0x7feca9494d30_0, v0x7feca9496f90_0, v0x7feca941eba0_0, C4<>;
S_0x7feca9492bc0 .scope module, "mux_pcsrc" "mux4to1" 6 183, 9 1 0, S_0x7feca9434030;
 .timescale 0 0;
    .port_info 0 /INPUT 2 "sel";
    .port_info 1 /INPUT 32 "din0";
    .port_info 2 /INPUT 32 "din1";
    .port_info 3 /INPUT 32 "din2";
    .port_info 4 /INPUT 32 "din3";
    .port_info 5 /OUTPUT 32 "dout";
P_0x7feca9492d80 .param/l "N" 0 9 2, +C4<00000000000000000000000000100000>;
v0x7feca9492fb0_0 .net "din0", 31 0, v0x7feca9491e10_0;  alias, 1 drivers
v0x7feca9493080_0 .net "din1", 31 0, v0x7feca9494d30_0;  alias, 1 drivers
v0x7feca9493110_0 .net "din2", 31 0, L_0x7feca970be30;  alias, 1 drivers
L_0x7feca95733b0 .functor BUFT 1, C4<00000000000000000000000000000000>, C4<0>, C4<0>, C4<0>;
v0x7feca94931a0_0 .net "din3", 31 0, L_0x7feca95733b0;  1 drivers
v0x7feca9493230_0 .var "dout", 31 0;
v0x7feca9493300_0 .net "sel", 1 0, v0x7feca9410010_0;  alias, 1 drivers
E_0x7feca9492f40/0 .event edge, v0x7feca9491e10_0, v0x7feca9410010_0, v0x7feca94929d0_0, v0x7feca9493110_0;
E_0x7feca9492f40/1 .event edge, v0x7feca94931a0_0;
E_0x7feca9492f40 .event/or E_0x7feca9492f40/0, E_0x7feca9492f40/1;
S_0x7feca9493420 .scope module, "mux_srca" "mux2to1" 6 113, 8 1 0, S_0x7feca9434030;
 .timescale 0 0;
    .port_info 0 /INPUT 1 "sel";
    .port_info 1 /INPUT 32 "din0";
    .port_info 2 /INPUT 32 "din1";
    .port_info 3 /OUTPUT 32 "dout";
P_0x7feca9493620 .param/l "N" 0 8 2, +C4<00000000000000000000000000100000>;
v0x7feca9493780_0 .net "din0", 31 0, v0x7feca9496f90_0;  alias, 1 drivers
v0x7feca9493840_0 .net "din1", 31 0, v0x7feca9496200_0;  alias, 1 drivers
v0x7feca94938d0_0 .net "dout", 31 0, L_0x7feca970ac50;  alias, 1 drivers
v0x7feca9493960_0 .net "sel", 0 0, v0x7feca942afb0_0;  alias, 1 drivers
L_0x7feca970ac50 .functor MUXZ 32, v0x7feca9496200_0, v0x7feca9496f90_0, v0x7feca942afb0_0, C4<>;
S_0x7feca9493a20 .scope module, "mux_srcb" "mux4to1" 6 136, 9 1 0, S_0x7feca9434030;
 .timescale 0 0;
    .port_info 0 /INPUT 2 "sel";
    .port_info 1 /INPUT 32 "din0";
    .port_info 2 /INPUT 32 "din1";
    .port_info 3 /INPUT 32 "din2";
    .port_info 4 /INPUT 32 "din3";
    .port_info 5 /OUTPUT 32 "dout";
P_0x7feca9493be0 .param/l "N" 0 9 2, +C4<00000000000000000000000000100000>;
v0x7feca9493e10_0 .net "din0", 31 0, v0x7feca94968c0_0;  alias, 1 drivers
L_0x7feca9573290 .functor BUFT 1, C4<00000000000000000000000000000100>, C4<0>, C4<0>, C4<0>;
v0x7feca9493ed0_0 .net "din1", 31 0, L_0x7feca9573290;  1 drivers
v0x7feca9493f70_0 .net "din2", 31 0, L_0x7feca970b2e0;  alias, 1 drivers
v0x7feca9494000_0 .net "din3", 31 0, L_0x7feca970b700;  alias, 1 drivers
v0x7feca9494090_0 .var "dout", 31 0;
v0x7feca9494160_0 .net "sel", 1 0, v0x7feca942b040_0;  alias, 1 drivers
E_0x7feca9493da0/0 .event edge, v0x7feca9493e10_0, v0x7feca942b040_0, v0x7feca9493ed0_0, v0x7feca9493f70_0;
E_0x7feca9493da0/1 .event edge, v0x7feca9494000_0;
E_0x7feca9493da0 .event/or E_0x7feca9493da0/0, E_0x7feca9493da0/1;
S_0x7feca9494280 .scope module, "mux_wd3" "mux2to1" 6 64, 8 1 0, S_0x7feca9434030;
 .timescale 0 0;
    .port_info 0 /INPUT 1 "sel";
    .port_info 1 /INPUT 32 "din0";
    .port_info 2 /INPUT 32 "din1";
    .port_info 3 /OUTPUT 32 "dout";
P_0x7feca9494440 .param/l "N" 0 8 2, +C4<00000000000000000000000000100000>;
v0x7feca94945c0_0 .net "din0", 31 0, v0x7feca9494d30_0;  alias, 1 drivers
v0x7feca94946a0_0 .net "din1", 31 0, o0x7feca9543208;  alias, 0 drivers
v0x7feca9494730_0 .net "dout", 31 0, L_0x7feca97090f0;  alias, 1 drivers
v0x7feca94947c0_0 .net "sel", 0 0, v0x7feca940c960_0;  alias, 1 drivers
L_0x7feca97090f0 .functor MUXZ 32, o0x7feca9543208, v0x7feca9494d30_0, v0x7feca940c960_0, C4<>;
S_0x7feca9494880 .scope module, "reg_ALUOut" "register" 6 161, 5 1 0, S_0x7feca9434030;
 .timescale 0 0;
    .port_info 0 /INPUT 32 "din";
    .port_info 1 /INPUT 1 "clk";
    .port_info 2 /INPUT 1 "en";
    .port_info 3 /INPUT 1 "rst";
    .port_info 4 /OUTPUT 32 "dout";
P_0x7feca9494a40 .param/l "N" 0 5 2, +C4<00000000000000000000000000100000>;
v0x7feca9494b70_0 .net "clk", 0 0, o0x7feca9542128;  alias, 0 drivers
v0x7feca9494c50_0 .net "din", 31 0, v0x7feca9491e10_0;  alias, 1 drivers
v0x7feca9494d30_0 .var "dout", 31 0;
L_0x7feca95732d8 .functor BUFT 1, C4<1>, C4<0>, C4<0>, C4<0>;
v0x7feca9494dc0_0 .net "en", 0 0, L_0x7feca95732d8;  1 drivers
v0x7feca9494e50_0 .net "rst", 0 0, o0x7feca95421e8;  alias, 0 drivers
S_0x7feca9494fb0 .scope module, "reg_Data" "register" 6 45, 5 1 0, S_0x7feca9434030;
 .timescale 0 0;
    .port_info 0 /INPUT 32 "din";
    .port_info 1 /INPUT 1 "clk";
    .port_info 2 /INPUT 1 "en";
    .port_info 3 /INPUT 1 "rst";
    .port_info 4 /OUTPUT 32 "dout";
P_0x7feca94935e0 .param/l "N" 0 5 2, +C4<00000000000000000000000000100000>;
v0x7feca94952b0_0 .net "clk", 0 0, o0x7feca9542128;  alias, 0 drivers
v0x7feca9495350_0 .net "din", 31 0, o0x7feca9543448;  alias, 0 drivers
v0x7feca9495400_0 .var "dout", 31 0;
L_0x7feca9573050 .functor BUFT 1, C4<1>, C4<0>, C4<0>, C4<0>;
v0x7feca94954c0_0 .net "en", 0 0, L_0x7feca9573050;  1 drivers
v0x7feca9495560_0 .net "rst", 0 0, o0x7feca95421e8;  alias, 0 drivers
S_0x7feca94956b0 .scope module, "reg_Instr" "register" 6 38, 5 1 0, S_0x7feca9434030;
 .timescale 0 0;
    .port_info 0 /INPUT 32 "din";
    .port_info 1 /INPUT 1 "clk";
    .port_info 2 /INPUT 1 "en";
    .port_info 3 /INPUT 1 "rst";
    .port_info 4 /OUTPUT 32 "dout";
P_0x7feca9495870 .param/l "N" 0 5 2, +C4<00000000000000000000000000100000>;
v0x7feca9495970_0 .net "clk", 0 0, o0x7feca9542128;  alias, 0 drivers
v0x7feca9495a90_0 .net "din", 31 0, o0x7feca9543448;  alias, 0 drivers
v0x7feca9495b30_0 .var "dout", 31 0;
v0x7feca9495be0_0 .net "en", 0 0, v0x7feca941eb10_0;  alias, 1 drivers
v0x7feca9495c90_0 .net "rst", 0 0, o0x7feca95421e8;  alias, 0 drivers
S_0x7feca9495e10 .scope module, "reg_a" "register" 6 90, 5 1 0, S_0x7feca9434030;
 .timescale 0 0;
    .port_info 0 /INPUT 32 "din";
    .port_info 1 /INPUT 1 "clk";
    .port_info 2 /INPUT 1 "en";
    .port_info 3 /INPUT 1 "rst";
    .port_info 4 /OUTPUT 32 "dout";
P_0x7feca9494f20 .param/l "N" 0 5 2, +C4<00000000000000000000000000100000>;
v0x7feca94960b0_0 .net "clk", 0 0, o0x7feca9542128;  alias, 0 drivers
v0x7feca9496150_0 .net "din", 31 0, v0x7feca94a39e0_0;  alias, 1 drivers
v0x7feca9496200_0 .var "dout", 31 0;
L_0x7feca9573128 .functor BUFT 1, C4<1>, C4<0>, C4<0>, C4<0>;
v0x7feca94962d0_0 .net "en", 0 0, L_0x7feca9573128;  1 drivers
v0x7feca9496360_0 .net "rst", 0 0, o0x7feca95421e8;  alias, 0 drivers
S_0x7feca94964b0 .scope module, "reg_b" "register" 6 97, 5 1 0, S_0x7feca9434030;
 .timescale 0 0;
    .port_info 0 /INPUT 32 "din";
    .port_info 1 /INPUT 1 "clk";
    .port_info 2 /INPUT 1 "en";
    .port_info 3 /INPUT 1 "rst";
    .port_info 4 /OUTPUT 32 "dout";
P_0x7feca9496670 .param/l "N" 0 5 2, +C4<00000000000000000000000000100000>;
v0x7feca9496770_0 .net "clk", 0 0, o0x7feca9542128;  alias, 0 drivers
v0x7feca9496810_0 .net "din", 31 0, v0x7feca94a3ab0_0;  alias, 1 drivers
v0x7feca94968c0_0 .var "dout", 31 0;
L_0x7feca9573170 .functor BUFT 1, C4<1>, C4<0>, C4<0>, C4<0>;
v0x7feca9496990_0 .net "en", 0 0, L_0x7feca9573170;  1 drivers
v0x7feca9496a20_0 .net "rst", 0 0, o0x7feca95421e8;  alias, 0 drivers
S_0x7feca9496b70 .scope module, "reg_pc" "register" 6 27, 5 1 0, S_0x7feca9434030;
 .timescale 0 0;
    .port_info 0 /INPUT 32 "din";
    .port_info 1 /INPUT 1 "clk";
    .port_info 2 /INPUT 1 "en";
    .port_info 3 /INPUT 1 "rst";
    .port_info 4 /OUTPUT 32 "dout";
P_0x7feca9496d30 .param/l "N" 0 5 2, +C4<00000000000000000000000000100000>;
v0x7feca9496e30_0 .net "clk", 0 0, o0x7feca9542128;  alias, 0 drivers
v0x7feca9496ed0_0 .net "din", 31 0, v0x7feca9493230_0;  alias, 1 drivers
v0x7feca9496f90_0 .var "dout", 31 0;
v0x7feca9497080_0 .net "en", 0 0, L_0x7feca9708cb0;  alias, 1 drivers
v0x7feca9497110_0 .net "rst", 0 0, o0x7feca95421e8;  alias, 0 drivers
S_0x7feca9497240 .scope module, "regfile_1" "regfile" 6 75, 10 2 0, S_0x7feca9434030;
 .timescale 0 0;
    .port_info 0 /INPUT 5 "addrReadReg1";
    .port_info 1 /INPUT 5 "addrReadReg2";
    .port_info 2 /INPUT 5 "addrWriteReg";
    .port_info 3 /INPUT 32 "dataWrite";
    .port_info 4 /INPUT 1 "regWrite";
    .port_info 5 /INPUT 1 "clk";
    .port_info 6 /INPUT 1 "rst";
    .port_info 7 /OUTPUT 32 "data1";
    .port_info 8 /OUTPUT 32 "data2";
P_0x7feca9497400 .param/l "N" 0 10 4, +C4<00000000000000000000000000100000>;
v0x7feca94a3760_0 .net "addrReadReg1", 4 0, o0x7feca95464a8;  alias, 0 drivers
v0x7feca94a3800_0 .net "addrReadReg2", 4 0, o0x7feca95464d8;  alias, 0 drivers
v0x7feca94a38a0_0 .net "addrWriteReg", 4 0, L_0x7feca9708e10;  alias, 1 drivers
v0x7feca94a3950_0 .net "clk", 0 0, o0x7feca9542128;  alias, 0 drivers
v0x7feca94a39e0_0 .var "data1", 31 0;
v0x7feca94a3ab0_0 .var "data2", 31 0;
v0x7feca94a3b60_0 .net "dataWrite", 31 0, L_0x7feca97090f0;  alias, 1 drivers
v0x7feca94a3bf0_0 .var "regEn", 31 0;
v0x7feca94a3ca0 .array "regOut", 0 31;
v0x7feca94a3ca0_0 .net v0x7feca94a3ca0 0, 31 0, v0x7feca94a34b0_0; 1 drivers
v0x7feca94a3ca0_1 .net v0x7feca94a3ca0 1, 31 0, v0x7feca9497eb0_0; 1 drivers
v0x7feca94a3ca0_2 .net v0x7feca94a3ca0 2, 31 0, v0x7feca9498820_0; 1 drivers
v0x7feca94a3ca0_3 .net v0x7feca94a3ca0 3, 31 0, v0x7feca9499130_0; 1 drivers
v0x7feca94a3ca0_4 .net v0x7feca94a3ca0 4, 31 0, v0x7feca9499ad0_0; 1 drivers
v0x7feca94a3ca0_5 .net v0x7feca94a3ca0 5, 31 0, v0x7feca949a3d0_0; 1 drivers
v0x7feca94a3ca0_6 .net v0x7feca94a3ca0 6, 31 0, v0x7feca949ac60_0; 1 drivers
v0x7feca94a3ca0_7 .net v0x7feca94a3ca0 7, 31 0, v0x7feca949b580_0; 1 drivers
v0x7feca94a3ca0_8 .net v0x7feca94a3ca0 8, 31 0, v0x7feca960f0b0_0; 1 drivers
v0x7feca94a3ca0_9 .net v0x7feca94a3ca0 9, 31 0, v0x7feca9608260_0; 1 drivers
v0x7feca94a3ca0_10 .net v0x7feca94a3ca0 10, 31 0, v0x7feca96084a0_0; 1 drivers
v0x7feca94a3ca0_11 .net v0x7feca94a3ca0 11, 31 0, v0x7feca97048c0_0; 1 drivers
v0x7feca94a3ca0_12 .net v0x7feca94a3ca0 12, 31 0, v0x7feca97051e0_0; 1 drivers
v0x7feca94a3ca0_13 .net v0x7feca94a3ca0 13, 31 0, v0x7feca9705b00_0; 1 drivers
v0x7feca94a3ca0_14 .net v0x7feca94a3ca0 14, 31 0, v0x7feca9706420_0; 1 drivers
v0x7feca94a3ca0_15 .net v0x7feca94a3ca0 15, 31 0, v0x7feca9706d40_0; 1 drivers
v0x7feca94a3ca0_16 .net v0x7feca94a3ca0 16, 31 0, v0x7feca9707860_0; 1 drivers
v0x7feca94a3ca0_17 .net v0x7feca94a3ca0 17, 31 0, v0x7feca9708280_0; 1 drivers
v0x7feca94a3ca0_18 .net v0x7feca94a3ca0 18, 31 0, v0x7feca949b800_0; 1 drivers
v0x7feca94a3ca0_19 .net v0x7feca94a3ca0 19, 31 0, v0x7feca949c070_0; 1 drivers
v0x7feca94a3ca0_20 .net v0x7feca94a3ca0 20, 31 0, v0x7feca949c990_0; 1 drivers
v0x7feca94a3ca0_21 .net v0x7feca94a3ca0 21, 31 0, v0x7feca949d2b0_0; 1 drivers
v0x7feca94a3ca0_22 .net v0x7feca94a3ca0 22, 31 0, v0x7feca949dbd0_0; 1 drivers
v0x7feca94a3ca0_23 .net v0x7feca94a3ca0 23, 31 0, v0x7feca949e4f0_0; 1 drivers
v0x7feca94a3ca0_24 .net v0x7feca94a3ca0 24, 31 0, v0x7feca949ee10_0; 1 drivers
v0x7feca94a3ca0_25 .net v0x7feca94a3ca0 25, 31 0, v0x7feca949f730_0; 1 drivers
v0x7feca94a3ca0_26 .net v0x7feca94a3ca0 26, 31 0, v0x7feca94a0050_0; 1 drivers
v0x7feca94a3ca0_27 .net v0x7feca94a3ca0 27, 31 0, v0x7feca94a0970_0; 1 drivers
v0x7feca94a3ca0_28 .net v0x7feca94a3ca0 28, 31 0, v0x7feca94a1290_0; 1 drivers
v0x7feca94a3ca0_29 .net v0x7feca94a3ca0 29, 31 0, v0x7feca94a1bb0_0; 1 drivers
v0x7feca94a3ca0_30 .net v0x7feca94a3ca0 30, 31 0, v0x7feca94a24d0_0; 1 drivers
v0x7feca94a3ca0_31 .net v0x7feca94a3ca0 31, 31 0, v0x7feca94a2df0_0; 1 drivers
v0x7feca94a4280_0 .net "regWrite", 0 0, v0x7feca940c9f0_0;  alias, 1 drivers
v0x7feca94a4330_0 .net "rst", 0 0, o0x7feca95421e8;  alias, 0 drivers
E_0x7feca9494b40/0 .event edge, v0x7feca940c9f0_0, v0x7feca9492470_0, v0x7feca94a3760_0, v0x7feca94a34b0_0;
E_0x7feca9494b40/1 .event edge, v0x7feca9497eb0_0, v0x7feca9498820_0, v0x7feca9499130_0, v0x7feca9499ad0_0;
E_0x7feca9494b40/2 .event edge, v0x7feca949a3d0_0, v0x7feca949ac60_0, v0x7feca949b580_0, v0x7feca960f0b0_0;
E_0x7feca9494b40/3 .event edge, v0x7feca9608260_0, v0x7feca96084a0_0, v0x7feca97048c0_0, v0x7feca97051e0_0;
E_0x7feca9494b40/4 .event edge, v0x7feca9705b00_0, v0x7feca9706420_0, v0x7feca9706d40_0, v0x7feca9707860_0;
E_0x7feca9494b40/5 .event edge, v0x7feca9708280_0, v0x7feca949b800_0, v0x7feca949c070_0, v0x7feca949c990_0;
E_0x7feca9494b40/6 .event edge, v0x7feca949d2b0_0, v0x7feca949dbd0_0, v0x7feca949e4f0_0, v0x7feca949ee10_0;
E_0x7feca9494b40/7 .event edge, v0x7feca949f730_0, v0x7feca94a0050_0, v0x7feca94a0970_0, v0x7feca94a1290_0;
E_0x7feca9494b40/8 .event edge, v0x7feca94a1bb0_0, v0x7feca94a24d0_0, v0x7feca94a2df0_0, v0x7feca94a3800_0;
E_0x7feca9494b40 .event/or E_0x7feca9494b40/0, E_0x7feca9494b40/1, E_0x7feca9494b40/2, E_0x7feca9494b40/3, E_0x7feca9494b40/4, E_0x7feca9494b40/5, E_0x7feca9494b40/6, E_0x7feca9494b40/7, E_0x7feca9494b40/8;
L_0x7feca97091d0 .part v0x7feca94a3bf0_0, 1, 1;
L_0x7feca9709270 .part v0x7feca94a3bf0_0, 2, 1;
L_0x7feca9709370 .part v0x7feca94a3bf0_0, 3, 1;
L_0x7feca9709430 .part v0x7feca94a3bf0_0, 4, 1;
L_0x7feca9709570 .part v0x7feca94a3bf0_0, 5, 1;
L_0x7feca9709660 .part v0x7feca94a3bf0_0, 6, 1;
L_0x7feca9709700 .part v0x7feca94a3bf0_0, 7, 1;
L_0x7feca97097e0 .part v0x7feca94a3bf0_0, 8, 1;
L_0x7feca9709980 .part v0x7feca94a3bf0_0, 9, 1;
L_0x7feca9709a70 .part v0x7feca94a3bf0_0, 10, 1;
L_0x7feca9709b10 .part v0x7feca94a3bf0_0, 11, 1;
L_0x7feca9709c10 .part v0x7feca94a3bf0_0, 12, 1;
L_0x7feca9709cb0 .part v0x7feca94a3bf0_0, 13, 1;
L_0x7feca9709dc0 .part v0x7feca94a3bf0_0, 14, 1;
L_0x7feca9709e60 .part v0x7feca94a3bf0_0, 15, 1;
L_0x7feca9709f80 .part v0x7feca94a3bf0_0, 16, 1;
L_0x7feca9709880 .part v0x7feca94a3bf0_0, 17, 1;
L_0x7feca970a2b0 .part v0x7feca94a3bf0_0, 18, 1;
L_0x7feca970a350 .part v0x7feca94a3bf0_0, 19, 1;
L_0x7feca970a490 .part v0x7feca94a3bf0_0, 20, 1;
L_0x7feca970a530 .part v0x7feca94a3bf0_0, 21, 1;
L_0x7feca970a3f0 .part v0x7feca94a3bf0_0, 22, 1;
L_0x7feca970a680 .part v0x7feca94a3bf0_0, 23, 1;
L_0x7feca970a7e0 .part v0x7feca94a3bf0_0, 24, 1;
L_0x7feca970a880 .part v0x7feca94a3bf0_0, 25, 1;
L_0x7feca970a5d0 .part v0x7feca94a3bf0_0, 26, 1;
L_0x7feca970a9f0 .part v0x7feca94a3bf0_0, 27, 1;
L_0x7feca970a720 .part v0x7feca94a3bf0_0, 28, 1;
L_0x7feca970ab70 .part v0x7feca94a3bf0_0, 29, 1;
L_0x7feca970a920 .part v0x7feca94a3bf0_0, 30, 1;
L_0x7feca970ad00 .part v0x7feca94a3bf0_0, 31, 1;
S_0x7feca9497760 .scope generate, "genblk1[1]" "genblk1[1]" 10 23, 10 23 0, S_0x7feca9497240;
 .timescale 0 0;
P_0x7feca9497940 .param/l "i" 0 10 23, +C4<01>;
S_0x7feca94979e0 .scope module, "reginst" "register" 10 25, 5 1 0, S_0x7feca9497760;
 .timescale 0 0;
    .port_info 0 /INPUT 32 "din";
    .port_info 1 /INPUT 1 "clk";
    .port_info 2 /INPUT 1 "en";
    .port_info 3 /INPUT 1 "rst";
    .port_info 4 /OUTPUT 32 "dout";
P_0x7feca9497b50 .param/l "N" 0 5 2, +C4<00000000000000000000000000100000>;
v0x7feca9497c80_0 .net "clk", 0 0, o0x7feca9542128;  alias, 0 drivers
v0x7feca9497e10_0 .net "din", 31 0, L_0x7feca97090f0;  alias, 1 drivers
v0x7feca9497eb0_0 .var "dout", 31 0;
v0x7feca9497f40_0 .net "en", 0 0, L_0x7feca97091d0;  1 drivers
v0x7feca9497fd0_0 .net "rst", 0 0, o0x7feca95421e8;  alias, 0 drivers
S_0x7feca94981d0 .scope generate, "genblk1[2]" "genblk1[2]" 10 23, 10 23 0, S_0x7feca9497240;
 .timescale 0 0;
P_0x7feca9498340 .param/l "i" 0 10 23, +C4<010>;
S_0x7feca94983c0 .scope module, "reginst" "register" 10 25, 5 1 0, S_0x7feca94981d0;
 .timescale 0 0;
    .port_info 0 /INPUT 32 "din";
    .port_info 1 /INPUT 1 "clk";
    .port_info 2 /INPUT 1 "en";
    .port_info 3 /INPUT 1 "rst";
    .port_info 4 /OUTPUT 32 "dout";
P_0x7feca9498580 .param/l "N" 0 5 2, +C4<00000000000000000000000000100000>;
v0x7feca94986b0_0 .net "clk", 0 0, o0x7feca9542128;  alias, 0 drivers
v0x7feca9498740_0 .net "din", 31 0, L_0x7feca97090f0;  alias, 1 drivers
v0x7feca9498820_0 .var "dout", 31 0;
v0x7feca94988c0_0 .net "en", 0 0, L_0x7feca9709270;  1 drivers
v0x7feca9498960_0 .net "rst", 0 0, o0x7feca95421e8;  alias, 0 drivers
S_0x7feca9498ab0 .scope generate, "genblk1[3]" "genblk1[3]" 10 23, 10 23 0, S_0x7feca9497240;
 .timescale 0 0;
P_0x7feca9498c90 .param/l "i" 0 10 23, +C4<011>;
S_0x7feca9498d10 .scope module, "reginst" "register" 10 25, 5 1 0, S_0x7feca9498ab0;
 .timescale 0 0;
    .port_info 0 /INPUT 32 "din";
    .port_info 1 /INPUT 1 "clk";
    .port_info 2 /INPUT 1 "en";
    .port_info 3 /INPUT 1 "rst";
    .port_info 4 /OUTPUT 32 "dout";
P_0x7feca9498ed0 .param/l "N" 0 5 2, +C4<00000000000000000000000000100000>;
v0x7feca9499000_0 .net "clk", 0 0, o0x7feca9542128;  alias, 0 drivers
v0x7feca9499090_0 .net "din", 31 0, L_0x7feca97090f0;  alias, 1 drivers
v0x7feca9499130_0 .var "dout", 31 0;
v0x7feca94991f0_0 .net "en", 0 0, L_0x7feca9709370;  1 drivers
v0x7feca9499290_0 .net "rst", 0 0, o0x7feca95421e8;  alias, 0 drivers
S_0x7feca94993e0 .scope generate, "genblk1[4]" "genblk1[4]" 10 23, 10 23 0, S_0x7feca9497240;
 .timescale 0 0;
P_0x7feca94995a0 .param/l "i" 0 10 23, +C4<0100>;
S_0x7feca9499630 .scope module, "reginst" "register" 10 25, 5 1 0, S_0x7feca94993e0;
 .timescale 0 0;
    .port_info 0 /INPUT 32 "din";
    .port_info 1 /INPUT 1 "clk";
    .port_info 2 /INPUT 1 "en";
    .port_info 3 /INPUT 1 "rst";
    .port_info 4 /OUTPUT 32 "dout";
P_0x7feca94997f0 .param/l "N" 0 5 2, +C4<00000000000000000000000000100000>;
v0x7feca9499920_0 .net "clk", 0 0, o0x7feca9542128;  alias, 0 drivers
v0x7feca94999b0_0 .net "din", 31 0, L_0x7feca97090f0;  alias, 1 drivers
v0x7feca9499ad0_0 .var "dout", 31 0;
v0x7feca9499b80_0 .net "en", 0 0, L_0x7feca9709430;  1 drivers
v0x7feca9499c10_0 .net "rst", 0 0, o0x7feca95421e8;  alias, 0 drivers
S_0x7feca9499d40 .scope generate, "genblk1[5]" "genblk1[5]" 10 23, 10 23 0, S_0x7feca9497240;
 .timescale 0 0;
P_0x7feca9499f40 .param/l "i" 0 10 23, +C4<0101>;
S_0x7feca9499fc0 .scope module, "reginst" "register" 10 25, 5 1 0, S_0x7feca9499d40;
 .timescale 0 0;
    .port_info 0 /INPUT 32 "din";
    .port_info 1 /INPUT 1 "clk";
    .port_info 2 /INPUT 1 "en";
    .port_info 3 /INPUT 1 "rst";
    .port_info 4 /OUTPUT 32 "dout";
P_0x7feca949a180 .param/l "N" 0 5 2, +C4<00000000000000000000000000100000>;
v0x7feca949a2b0_0 .net "clk", 0 0, o0x7feca9542128;  alias, 0 drivers
v0x7feca949a340_0 .net "din", 31 0, L_0x7feca97090f0;  alias, 1 drivers
v0x7feca949a3d0_0 .var "dout", 31 0;
v0x7fecaa004080_0 .net "en", 0 0, L_0x7feca9709570;  1 drivers
v0x7feca949a4a0_0 .net "rst", 0 0, o0x7feca95421e8;  alias, 0 drivers
S_0x7feca949a5f0 .scope generate, "genblk1[6]" "genblk1[6]" 10 23, 10 23 0, S_0x7feca9497240;
 .timescale 0 0;
P_0x7feca949a7b0 .param/l "i" 0 10 23, +C4<0110>;
S_0x7feca949a840 .scope module, "reginst" "register" 10 25, 5 1 0, S_0x7feca949a5f0;
 .timescale 0 0;
    .port_info 0 /INPUT 32 "din";
    .port_info 1 /INPUT 1 "clk";
    .port_info 2 /INPUT 1 "en";
    .port_info 3 /INPUT 1 "rst";
    .port_info 4 /OUTPUT 32 "dout";
P_0x7feca949aa00 .param/l "N" 0 5 2, +C4<00000000000000000000000000100000>;
v0x7feca949ab30_0 .net "clk", 0 0, o0x7feca9542128;  alias, 0 drivers
v0x7feca949abc0_0 .net "din", 31 0, L_0x7feca97090f0;  alias, 1 drivers
v0x7feca949ac60_0 .var "dout", 31 0;
v0x7feca949ad20_0 .net "en", 0 0, L_0x7feca9709660;  1 drivers
v0x7feca949adc0_0 .net "rst", 0 0, o0x7feca95421e8;  alias, 0 drivers
S_0x7feca949af10 .scope generate, "genblk1[7]" "genblk1[7]" 10 23, 10 23 0, S_0x7feca9497240;
 .timescale 0 0;
P_0x7feca949b0d0 .param/l "i" 0 10 23, +C4<0111>;
S_0x7feca949b160 .scope module, "reginst" "register" 10 25, 5 1 0, S_0x7feca949af10;
 .timescale 0 0;
    .port_info 0 /INPUT 32 "din";
    .port_info 1 /INPUT 1 "clk";
    .port_info 2 /INPUT 1 "en";
    .port_info 3 /INPUT 1 "rst";
    .port_info 4 /OUTPUT 32 "dout";
P_0x7feca949b320 .param/l "N" 0 5 2, +C4<00000000000000000000000000100000>;
v0x7feca949b450_0 .net "clk", 0 0, o0x7feca9542128;  alias, 0 drivers
v0x7feca949b4e0_0 .net "din", 31 0, L_0x7feca97090f0;  alias, 1 drivers
v0x7feca949b580_0 .var "dout", 31 0;
v0x7feca949b640_0 .net "en", 0 0, L_0x7feca9709700;  1 drivers
v0x7feca949b6e0_0 .net "rst", 0 0, o0x7feca95421e8;  alias, 0 drivers
S_0x7feca9622890 .scope generate, "genblk1[8]" "genblk1[8]" 10 23, 10 23 0, S_0x7feca9497240;
 .timescale 0 0;
P_0x7feca9620c70 .param/l "i" 0 10 23, +C4<01000>;
S_0x7feca960ee40 .scope module, "reginst" "register" 10 25, 5 1 0, S_0x7feca9622890;
 .timescale 0 0;
    .port_info 0 /INPUT 32 "din";
    .port_info 1 /INPUT 1 "clk";
    .port_info 2 /INPUT 1 "en";
    .port_info 3 /INPUT 1 "rst";
    .port_info 4 /OUTPUT 32 "dout";
P_0x7feca961fdf0 .param/l "N" 0 5 2, +C4<00000000000000000000000000100000>;
v0x7feca9622a00_0 .net "clk", 0 0, o0x7feca9542128;  alias, 0 drivers
v0x7feca9607760_0 .net "din", 31 0, L_0x7feca97090f0;  alias, 1 drivers
v0x7feca960f0b0_0 .var "dout", 31 0;
v0x7feca961a730_0 .net "en", 0 0, L_0x7feca97097e0;  1 drivers
v0x7feca9622230_0 .net "rst", 0 0, o0x7feca95421e8;  alias, 0 drivers
S_0x7feca960e060 .scope generate, "genblk1[9]" "genblk1[9]" 10 23, 10 23 0, S_0x7feca9497240;
 .timescale 0 0;
P_0x7feca961e830 .param/l "i" 0 10 23, +C4<01001>;
S_0x7feca960e1d0 .scope module, "reginst" "register" 10 25, 5 1 0, S_0x7feca960e060;
 .timescale 0 0;
    .port_info 0 /INPUT 32 "din";
    .port_info 1 /INPUT 1 "clk";
    .port_info 2 /INPUT 1 "en";
    .port_info 3 /INPUT 1 "rst";
    .port_info 4 /OUTPUT 32 "dout";
P_0x7feca961d9b0 .param/l "N" 0 5 2, +C4<00000000000000000000000000100000>;
v0x7feca9608c20_0 .net "clk", 0 0, o0x7feca9542128;  alias, 0 drivers
v0x7feca960c850_0 .net "din", 31 0, L_0x7feca97090f0;  alias, 1 drivers
v0x7feca9608260_0 .var "dout", 31 0;
v0x7feca96082f0_0 .net "en", 0 0, L_0x7feca9709980;  1 drivers
v0x7feca9608380_0 .net "rst", 0 0, o0x7feca95421e8;  alias, 0 drivers
S_0x7feca9604ea0 .scope generate, "genblk1[10]" "genblk1[10]" 10 23, 10 23 0, S_0x7feca9497240;
 .timescale 0 0;
P_0x7feca961cb30 .param/l "i" 0 10 23, +C4<01010>;
S_0x7feca9605010 .scope module, "reginst" "register" 10 25, 5 1 0, S_0x7feca9604ea0;
 .timescale 0 0;
    .port_info 0 /INPUT 32 "din";
    .port_info 1 /INPUT 1 "clk";
    .port_info 2 /INPUT 1 "en";
    .port_info 3 /INPUT 1 "rst";
    .port_info 4 /OUTPUT 32 "dout";
P_0x7feca961bcb0 .param/l "N" 0 5 2, +C4<00000000000000000000000000100000>;
v0x7feca96072c0_0 .net "clk", 0 0, o0x7feca9542128;  alias, 0 drivers
v0x7feca9608410_0 .net "din", 31 0, L_0x7feca97090f0;  alias, 1 drivers
v0x7feca96084a0_0 .var "dout", 31 0;
v0x7feca9622a90_0 .net "en", 0 0, L_0x7feca9709a70;  1 drivers
v0x7feca9622b20_0 .net "rst", 0 0, o0x7feca95421e8;  alias, 0 drivers
S_0x7feca97044c0 .scope generate, "genblk1[11]" "genblk1[11]" 10 23, 10 23 0, S_0x7feca9497240;
 .timescale 0 0;
P_0x7feca9704210 .param/l "i" 0 10 23, +C4<01011>;
S_0x7feca9704630 .scope module, "reginst" "register" 10 25, 5 1 0, S_0x7feca97044c0;
 .timescale 0 0;
    .port_info 0 /INPUT 32 "din";
    .port_info 1 /INPUT 1 "clk";
    .port_info 2 /INPUT 1 "en";
    .port_info 3 /INPUT 1 "rst";
    .port_info 4 /OUTPUT 32 "dout";
P_0x7feca9704140 .param/l "N" 0 5 2, +C4<00000000000000000000000000100000>;
v0x7feca97047a0_0 .net "clk", 0 0, o0x7feca9542128;  alias, 0 drivers
v0x7feca9704830_0 .net "din", 31 0, L_0x7feca97090f0;  alias, 1 drivers
v0x7feca97048c0_0 .var "dout", 31 0;
v0x7feca9704980_0 .net "en", 0 0, L_0x7feca9709b10;  1 drivers
v0x7feca9704a20_0 .net "rst", 0 0, o0x7feca95421e8;  alias, 0 drivers
S_0x7feca9704b70 .scope generate, "genblk1[12]" "genblk1[12]" 10 23, 10 23 0, S_0x7feca9497240;
 .timescale 0 0;
P_0x7feca9704d30 .param/l "i" 0 10 23, +C4<01100>;
S_0x7feca9704dd0 .scope module, "reginst" "register" 10 25, 5 1 0, S_0x7feca9704b70;
 .timescale 0 0;
    .port_info 0 /INPUT 32 "din";
    .port_info 1 /INPUT 1 "clk";
    .port_info 2 /INPUT 1 "en";
    .port_info 3 /INPUT 1 "rst";
    .port_info 4 /OUTPUT 32 "dout";
P_0x7feca9704f90 .param/l "N" 0 5 2, +C4<00000000000000000000000000100000>;
v0x7feca97050c0_0 .net "clk", 0 0, o0x7feca9542128;  alias, 0 drivers
v0x7feca9705150_0 .net "din", 31 0, L_0x7feca97090f0;  alias, 1 drivers
v0x7feca97051e0_0 .var "dout", 31 0;
v0x7feca97052a0_0 .net "en", 0 0, L_0x7feca9709c10;  1 drivers
v0x7feca9705340_0 .net "rst", 0 0, o0x7feca95421e8;  alias, 0 drivers
S_0x7feca9705490 .scope generate, "genblk1[13]" "genblk1[13]" 10 23, 10 23 0, S_0x7feca9497240;
 .timescale 0 0;
P_0x7feca9705650 .param/l "i" 0 10 23, +C4<01101>;
S_0x7feca97056f0 .scope module, "reginst" "register" 10 25, 5 1 0, S_0x7feca9705490;
 .timescale 0 0;
    .port_info 0 /INPUT 32 "din";
    .port_info 1 /INPUT 1 "clk";
    .port_info 2 /INPUT 1 "en";
    .port_info 3 /INPUT 1 "rst";
    .port_info 4 /OUTPUT 32 "dout";
P_0x7feca97058b0 .param/l "N" 0 5 2, +C4<00000000000000000000000000100000>;
v0x7feca97059e0_0 .net "clk", 0 0, o0x7feca9542128;  alias, 0 drivers
v0x7feca9705a70_0 .net "din", 31 0, L_0x7feca97090f0;  alias, 1 drivers
v0x7feca9705b00_0 .var "dout", 31 0;
v0x7feca9705bc0_0 .net "en", 0 0, L_0x7feca9709cb0;  1 drivers
v0x7feca9705c60_0 .net "rst", 0 0, o0x7feca95421e8;  alias, 0 drivers
S_0x7feca9705db0 .scope generate, "genblk1[14]" "genblk1[14]" 10 23, 10 23 0, S_0x7feca9497240;
 .timescale 0 0;
P_0x7feca9705f70 .param/l "i" 0 10 23, +C4<01110>;
S_0x7feca9706010 .scope module, "reginst" "register" 10 25, 5 1 0, S_0x7feca9705db0;
 .timescale 0 0;
    .port_info 0 /INPUT 32 "din";
    .port_info 1 /INPUT 1 "clk";
    .port_info 2 /INPUT 1 "en";
    .port_info 3 /INPUT 1 "rst";
    .port_info 4 /OUTPUT 32 "dout";
P_0x7feca97061d0 .param/l "N" 0 5 2, +C4<00000000000000000000000000100000>;
v0x7feca9706300_0 .net "clk", 0 0, o0x7feca9542128;  alias, 0 drivers
v0x7feca9706390_0 .net "din", 31 0, L_0x7feca97090f0;  alias, 1 drivers
v0x7feca9706420_0 .var "dout", 31 0;
v0x7feca97064e0_0 .net "en", 0 0, L_0x7feca9709dc0;  1 drivers
v0x7feca9706580_0 .net "rst", 0 0, o0x7feca95421e8;  alias, 0 drivers
S_0x7feca97066d0 .scope generate, "genblk1[15]" "genblk1[15]" 10 23, 10 23 0, S_0x7feca9497240;
 .timescale 0 0;
P_0x7feca9706890 .param/l "i" 0 10 23, +C4<01111>;
S_0x7feca9706930 .scope module, "reginst" "register" 10 25, 5 1 0, S_0x7feca97066d0;
 .timescale 0 0;
    .port_info 0 /INPUT 32 "din";
    .port_info 1 /INPUT 1 "clk";
    .port_info 2 /INPUT 1 "en";
    .port_info 3 /INPUT 1 "rst";
    .port_info 4 /OUTPUT 32 "dout";
P_0x7feca9706af0 .param/l "N" 0 5 2, +C4<00000000000000000000000000100000>;
v0x7feca9706c20_0 .net "clk", 0 0, o0x7feca9542128;  alias, 0 drivers
v0x7feca9706cb0_0 .net "din", 31 0, L_0x7feca97090f0;  alias, 1 drivers
v0x7feca9706d40_0 .var "dout", 31 0;
v0x7feca9706e00_0 .net "en", 0 0, L_0x7feca9709e60;  1 drivers
v0x7feca9706ea0_0 .net "rst", 0 0, o0x7feca95421e8;  alias, 0 drivers
S_0x7feca9706ff0 .scope generate, "genblk1[16]" "genblk1[16]" 10 23, 10 23 0, S_0x7feca9497240;
 .timescale 0 0;
P_0x7feca97071b0 .param/l "i" 0 10 23, +C4<010000>;
S_0x7feca9707250 .scope module, "reginst" "register" 10 25, 5 1 0, S_0x7feca9706ff0;
 .timescale 0 0;
    .port_info 0 /INPUT 32 "din";
    .port_info 1 /INPUT 1 "clk";
    .port_info 2 /INPUT 1 "en";
    .port_info 3 /INPUT 1 "rst";
    .port_info 4 /OUTPUT 32 "dout";
P_0x7feca9707410 .param/l "N" 0 5 2, +C4<00000000000000000000000000100000>;
v0x7feca9707540_0 .net "clk", 0 0, o0x7feca9542128;  alias, 0 drivers
v0x7feca97075d0_0 .net "din", 31 0, L_0x7feca97090f0;  alias, 1 drivers
v0x7feca9707860_0 .var "dout", 31 0;
v0x7feca9707920_0 .net "en", 0 0, L_0x7feca9709f80;  1 drivers
v0x7feca97079c0_0 .net "rst", 0 0, o0x7feca95421e8;  alias, 0 drivers
S_0x7feca9707b10 .scope generate, "genblk1[17]" "genblk1[17]" 10 23, 10 23 0, S_0x7feca9497240;
 .timescale 0 0;
P_0x7feca9707dd0 .param/l "i" 0 10 23, +C4<010001>;
S_0x7feca9707e70 .scope module, "reginst" "register" 10 25, 5 1 0, S_0x7feca9707b10;
 .timescale 0 0;
    .port_info 0 /INPUT 32 "din";
    .port_info 1 /INPUT 1 "clk";
    .port_info 2 /INPUT 1 "en";
    .port_info 3 /INPUT 1 "rst";
    .port_info 4 /OUTPUT 32 "dout";
P_0x7feca9708030 .param/l "N" 0 5 2, +C4<00000000000000000000000000100000>;
v0x7feca9708160_0 .net "clk", 0 0, o0x7feca9542128;  alias, 0 drivers
v0x7feca97081f0_0 .net "din", 31 0, L_0x7feca97090f0;  alias, 1 drivers
v0x7feca9708280_0 .var "dout", 31 0;
v0x7feca9708340_0 .net "en", 0 0, L_0x7feca9709880;  1 drivers
v0x7feca97083e0_0 .net "rst", 0 0, o0x7feca95421e8;  alias, 0 drivers
S_0x7feca9708530 .scope generate, "genblk1[18]" "genblk1[18]" 10 23, 10 23 0, S_0x7feca9497240;
 .timescale 0 0;
P_0x7feca97086f0 .param/l "i" 0 10 23, +C4<010010>;
S_0x7feca9708790 .scope module, "reginst" "register" 10 25, 5 1 0, S_0x7feca9708530;
 .timescale 0 0;
    .port_info 0 /INPUT 32 "din";
    .port_info 1 /INPUT 1 "clk";
    .port_info 2 /INPUT 1 "en";
    .port_info 3 /INPUT 1 "rst";
    .port_info 4 /OUTPUT 32 "dout";
P_0x7feca9499f00 .param/l "N" 0 5 2, +C4<00000000000000000000000000100000>;
v0x7feca9497d10_0 .net "clk", 0 0, o0x7feca9542128;  alias, 0 drivers
v0x7feca949b770_0 .net "din", 31 0, L_0x7feca97090f0;  alias, 1 drivers
v0x7feca949b800_0 .var "dout", 31 0;
v0x7feca949b890_0 .net "en", 0 0, L_0x7feca970a2b0;  1 drivers
v0x7feca949b920_0 .net "rst", 0 0, o0x7feca95421e8;  alias, 0 drivers
S_0x7feca949ba00 .scope generate, "genblk1[19]" "genblk1[19]" 10 23, 10 23 0, S_0x7feca9497240;
 .timescale 0 0;
P_0x7feca949bbc0 .param/l "i" 0 10 23, +C4<010011>;
S_0x7feca949bc60 .scope module, "reginst" "register" 10 25, 5 1 0, S_0x7feca949ba00;
 .timescale 0 0;
    .port_info 0 /INPUT 32 "din";
    .port_info 1 /INPUT 1 "clk";
    .port_info 2 /INPUT 1 "en";
    .port_info 3 /INPUT 1 "rst";
    .port_info 4 /OUTPUT 32 "dout";
P_0x7feca949be20 .param/l "N" 0 5 2, +C4<00000000000000000000000000100000>;
v0x7feca949bf50_0 .net "clk", 0 0, o0x7feca9542128;  alias, 0 drivers
v0x7feca949bfe0_0 .net "din", 31 0, L_0x7feca97090f0;  alias, 1 drivers
v0x7feca949c070_0 .var "dout", 31 0;
v0x7feca949c130_0 .net "en", 0 0, L_0x7feca970a350;  1 drivers
v0x7feca949c1d0_0 .net "rst", 0 0, o0x7feca95421e8;  alias, 0 drivers
S_0x7feca949c320 .scope generate, "genblk1[20]" "genblk1[20]" 10 23, 10 23 0, S_0x7feca9497240;
 .timescale 0 0;
P_0x7feca949c4e0 .param/l "i" 0 10 23, +C4<010100>;
S_0x7feca949c580 .scope module, "reginst" "register" 10 25, 5 1 0, S_0x7feca949c320;
 .timescale 0 0;
    .port_info 0 /INPUT 32 "din";
    .port_info 1 /INPUT 1 "clk";
    .port_info 2 /INPUT 1 "en";
    .port_info 3 /INPUT 1 "rst";
    .port_info 4 /OUTPUT 32 "dout";
P_0x7feca949c740 .param/l "N" 0 5 2, +C4<00000000000000000000000000100000>;
v0x7feca949c870_0 .net "clk", 0 0, o0x7feca9542128;  alias, 0 drivers
v0x7feca949c900_0 .net "din", 31 0, L_0x7feca97090f0;  alias, 1 drivers
v0x7feca949c990_0 .var "dout", 31 0;
v0x7feca949ca50_0 .net "en", 0 0, L_0x7feca970a490;  1 drivers
v0x7feca949caf0_0 .net "rst", 0 0, o0x7feca95421e8;  alias, 0 drivers
S_0x7feca949cc40 .scope generate, "genblk1[21]" "genblk1[21]" 10 23, 10 23 0, S_0x7feca9497240;
 .timescale 0 0;
P_0x7feca949ce00 .param/l "i" 0 10 23, +C4<010101>;
S_0x7feca949cea0 .scope module, "reginst" "register" 10 25, 5 1 0, S_0x7feca949cc40;
 .timescale 0 0;
    .port_info 0 /INPUT 32 "din";
    .port_info 1 /INPUT 1 "clk";
    .port_info 2 /INPUT 1 "en";
    .port_info 3 /INPUT 1 "rst";
    .port_info 4 /OUTPUT 32 "dout";
P_0x7feca949d060 .param/l "N" 0 5 2, +C4<00000000000000000000000000100000>;
v0x7feca949d190_0 .net "clk", 0 0, o0x7feca9542128;  alias, 0 drivers
v0x7feca949d220_0 .net "din", 31 0, L_0x7feca97090f0;  alias, 1 drivers
v0x7feca949d2b0_0 .var "dout", 31 0;
v0x7feca949d370_0 .net "en", 0 0, L_0x7feca970a530;  1 drivers
v0x7feca949d410_0 .net "rst", 0 0, o0x7feca95421e8;  alias, 0 drivers
S_0x7feca949d560 .scope generate, "genblk1[22]" "genblk1[22]" 10 23, 10 23 0, S_0x7feca9497240;
 .timescale 0 0;
P_0x7feca949d720 .param/l "i" 0 10 23, +C4<010110>;
S_0x7feca949d7c0 .scope module, "reginst" "register" 10 25, 5 1 0, S_0x7feca949d560;
 .timescale 0 0;
    .port_info 0 /INPUT 32 "din";
    .port_info 1 /INPUT 1 "clk";
    .port_info 2 /INPUT 1 "en";
    .port_info 3 /INPUT 1 "rst";
    .port_info 4 /OUTPUT 32 "dout";
P_0x7feca949d980 .param/l "N" 0 5 2, +C4<00000000000000000000000000100000>;
v0x7feca949dab0_0 .net "clk", 0 0, o0x7feca9542128;  alias, 0 drivers
v0x7feca949db40_0 .net "din", 31 0, L_0x7feca97090f0;  alias, 1 drivers
v0x7feca949dbd0_0 .var "dout", 31 0;
v0x7feca949dc90_0 .net "en", 0 0, L_0x7feca970a3f0;  1 drivers
v0x7feca949dd30_0 .net "rst", 0 0, o0x7feca95421e8;  alias, 0 drivers
S_0x7feca949de80 .scope generate, "genblk1[23]" "genblk1[23]" 10 23, 10 23 0, S_0x7feca9497240;
 .timescale 0 0;
P_0x7feca949e040 .param/l "i" 0 10 23, +C4<010111>;
S_0x7feca949e0e0 .scope module, "reginst" "register" 10 25, 5 1 0, S_0x7feca949de80;
 .timescale 0 0;
    .port_info 0 /INPUT 32 "din";
    .port_info 1 /INPUT 1 "clk";
    .port_info 2 /INPUT 1 "en";
    .port_info 3 /INPUT 1 "rst";
    .port_info 4 /OUTPUT 32 "dout";
P_0x7feca949e2a0 .param/l "N" 0 5 2, +C4<00000000000000000000000000100000>;
v0x7feca949e3d0_0 .net "clk", 0 0, o0x7feca9542128;  alias, 0 drivers
v0x7feca949e460_0 .net "din", 31 0, L_0x7feca97090f0;  alias, 1 drivers
v0x7feca949e4f0_0 .var "dout", 31 0;
v0x7feca949e5b0_0 .net "en", 0 0, L_0x7feca970a680;  1 drivers
v0x7feca949e650_0 .net "rst", 0 0, o0x7feca95421e8;  alias, 0 drivers
S_0x7feca949e7a0 .scope generate, "genblk1[24]" "genblk1[24]" 10 23, 10 23 0, S_0x7feca9497240;
 .timescale 0 0;
P_0x7feca949e960 .param/l "i" 0 10 23, +C4<011000>;
S_0x7feca949ea00 .scope module, "reginst" "register" 10 25, 5 1 0, S_0x7feca949e7a0;
 .timescale 0 0;
    .port_info 0 /INPUT 32 "din";
    .port_info 1 /INPUT 1 "clk";
    .port_info 2 /INPUT 1 "en";
    .port_info 3 /INPUT 1 "rst";
    .port_info 4 /OUTPUT 32 "dout";
P_0x7feca949ebc0 .param/l "N" 0 5 2, +C4<00000000000000000000000000100000>;
v0x7feca949ecf0_0 .net "clk", 0 0, o0x7feca9542128;  alias, 0 drivers
v0x7feca949ed80_0 .net "din", 31 0, L_0x7feca97090f0;  alias, 1 drivers
v0x7feca949ee10_0 .var "dout", 31 0;
v0x7feca949eed0_0 .net "en", 0 0, L_0x7feca970a7e0;  1 drivers
v0x7feca949ef70_0 .net "rst", 0 0, o0x7feca95421e8;  alias, 0 drivers
S_0x7feca949f0c0 .scope generate, "genblk1[25]" "genblk1[25]" 10 23, 10 23 0, S_0x7feca9497240;
 .timescale 0 0;
P_0x7feca949f280 .param/l "i" 0 10 23, +C4<011001>;
S_0x7feca949f320 .scope module, "reginst" "register" 10 25, 5 1 0, S_0x7feca949f0c0;
 .timescale 0 0;
    .port_info 0 /INPUT 32 "din";
    .port_info 1 /INPUT 1 "clk";
    .port_info 2 /INPUT 1 "en";
    .port_info 3 /INPUT 1 "rst";
    .port_info 4 /OUTPUT 32 "dout";
P_0x7feca949f4e0 .param/l "N" 0 5 2, +C4<00000000000000000000000000100000>;
v0x7feca949f610_0 .net "clk", 0 0, o0x7feca9542128;  alias, 0 drivers
v0x7feca949f6a0_0 .net "din", 31 0, L_0x7feca97090f0;  alias, 1 drivers
v0x7feca949f730_0 .var "dout", 31 0;
v0x7feca949f7f0_0 .net "en", 0 0, L_0x7feca970a880;  1 drivers
v0x7feca949f890_0 .net "rst", 0 0, o0x7feca95421e8;  alias, 0 drivers
S_0x7feca949f9e0 .scope generate, "genblk1[26]" "genblk1[26]" 10 23, 10 23 0, S_0x7feca9497240;
 .timescale 0 0;
P_0x7feca949fba0 .param/l "i" 0 10 23, +C4<011010>;
S_0x7feca949fc40 .scope module, "reginst" "register" 10 25, 5 1 0, S_0x7feca949f9e0;
 .timescale 0 0;
    .port_info 0 /INPUT 32 "din";
    .port_info 1 /INPUT 1 "clk";
    .port_info 2 /INPUT 1 "en";
    .port_info 3 /INPUT 1 "rst";
    .port_info 4 /OUTPUT 32 "dout";
P_0x7feca949fe00 .param/l "N" 0 5 2, +C4<00000000000000000000000000100000>;
v0x7feca949ff30_0 .net "clk", 0 0, o0x7feca9542128;  alias, 0 drivers
v0x7feca949ffc0_0 .net "din", 31 0, L_0x7feca97090f0;  alias, 1 drivers
v0x7feca94a0050_0 .var "dout", 31 0;
v0x7feca94a0110_0 .net "en", 0 0, L_0x7feca970a5d0;  1 drivers
v0x7feca94a01b0_0 .net "rst", 0 0, o0x7feca95421e8;  alias, 0 drivers
S_0x7feca94a0300 .scope generate, "genblk1[27]" "genblk1[27]" 10 23, 10 23 0, S_0x7feca9497240;
 .timescale 0 0;
P_0x7feca94a04c0 .param/l "i" 0 10 23, +C4<011011>;
S_0x7feca94a0560 .scope module, "reginst" "register" 10 25, 5 1 0, S_0x7feca94a0300;
 .timescale 0 0;
    .port_info 0 /INPUT 32 "din";
    .port_info 1 /INPUT 1 "clk";
    .port_info 2 /INPUT 1 "en";
    .port_info 3 /INPUT 1 "rst";
    .port_info 4 /OUTPUT 32 "dout";
P_0x7feca94a0720 .param/l "N" 0 5 2, +C4<00000000000000000000000000100000>;
v0x7feca94a0850_0 .net "clk", 0 0, o0x7feca9542128;  alias, 0 drivers
v0x7feca94a08e0_0 .net "din", 31 0, L_0x7feca97090f0;  alias, 1 drivers
v0x7feca94a0970_0 .var "dout", 31 0;
v0x7feca94a0a30_0 .net "en", 0 0, L_0x7feca970a9f0;  1 drivers
v0x7feca94a0ad0_0 .net "rst", 0 0, o0x7feca95421e8;  alias, 0 drivers
S_0x7feca94a0c20 .scope generate, "genblk1[28]" "genblk1[28]" 10 23, 10 23 0, S_0x7feca9497240;
 .timescale 0 0;
P_0x7feca94a0de0 .param/l "i" 0 10 23, +C4<011100>;
S_0x7feca94a0e80 .scope module, "reginst" "register" 10 25, 5 1 0, S_0x7feca94a0c20;
 .timescale 0 0;
    .port_info 0 /INPUT 32 "din";
    .port_info 1 /INPUT 1 "clk";
    .port_info 2 /INPUT 1 "en";
    .port_info 3 /INPUT 1 "rst";
    .port_info 4 /OUTPUT 32 "dout";
P_0x7feca94a1040 .param/l "N" 0 5 2, +C4<00000000000000000000000000100000>;
v0x7feca94a1170_0 .net "clk", 0 0, o0x7feca9542128;  alias, 0 drivers
v0x7feca94a1200_0 .net "din", 31 0, L_0x7feca97090f0;  alias, 1 drivers
v0x7feca94a1290_0 .var "dout", 31 0;
v0x7feca94a1350_0 .net "en", 0 0, L_0x7feca970a720;  1 drivers
v0x7feca94a13f0_0 .net "rst", 0 0, o0x7feca95421e8;  alias, 0 drivers
S_0x7feca94a1540 .scope generate, "genblk1[29]" "genblk1[29]" 10 23, 10 23 0, S_0x7feca9497240;
 .timescale 0 0;
P_0x7feca94a1700 .param/l "i" 0 10 23, +C4<011101>;
S_0x7feca94a17a0 .scope module, "reginst" "register" 10 25, 5 1 0, S_0x7feca94a1540;
 .timescale 0 0;
    .port_info 0 /INPUT 32 "din";
    .port_info 1 /INPUT 1 "clk";
    .port_info 2 /INPUT 1 "en";
    .port_info 3 /INPUT 1 "rst";
    .port_info 4 /OUTPUT 32 "dout";
P_0x7feca94a1960 .param/l "N" 0 5 2, +C4<00000000000000000000000000100000>;
v0x7feca94a1a90_0 .net "clk", 0 0, o0x7feca9542128;  alias, 0 drivers
v0x7feca94a1b20_0 .net "din", 31 0, L_0x7feca97090f0;  alias, 1 drivers
v0x7feca94a1bb0_0 .var "dout", 31 0;
v0x7feca94a1c70_0 .net "en", 0 0, L_0x7feca970ab70;  1 drivers
v0x7feca94a1d10_0 .net "rst", 0 0, o0x7feca95421e8;  alias, 0 drivers
S_0x7feca94a1e60 .scope generate, "genblk1[30]" "genblk1[30]" 10 23, 10 23 0, S_0x7feca9497240;
 .timescale 0 0;
P_0x7feca94a2020 .param/l "i" 0 10 23, +C4<011110>;
S_0x7feca94a20c0 .scope module, "reginst" "register" 10 25, 5 1 0, S_0x7feca94a1e60;
 .timescale 0 0;
    .port_info 0 /INPUT 32 "din";
    .port_info 1 /INPUT 1 "clk";
    .port_info 2 /INPUT 1 "en";
    .port_info 3 /INPUT 1 "rst";
    .port_info 4 /OUTPUT 32 "dout";
P_0x7feca94a2280 .param/l "N" 0 5 2, +C4<00000000000000000000000000100000>;
v0x7feca94a23b0_0 .net "clk", 0 0, o0x7feca9542128;  alias, 0 drivers
v0x7feca94a2440_0 .net "din", 31 0, L_0x7feca97090f0;  alias, 1 drivers
v0x7feca94a24d0_0 .var "dout", 31 0;
v0x7feca94a2590_0 .net "en", 0 0, L_0x7feca970a920;  1 drivers
v0x7feca94a2630_0 .net "rst", 0 0, o0x7feca95421e8;  alias, 0 drivers
S_0x7feca94a2780 .scope generate, "genblk1[31]" "genblk1[31]" 10 23, 10 23 0, S_0x7feca9497240;
 .timescale 0 0;
P_0x7feca94a2940 .param/l "i" 0 10 23, +C4<011111>;
S_0x7feca94a29e0 .scope module, "reginst" "register" 10 25, 5 1 0, S_0x7feca94a2780;
 .timescale 0 0;
    .port_info 0 /INPUT 32 "din";
    .port_info 1 /INPUT 1 "clk";
    .port_info 2 /INPUT 1 "en";
    .port_info 3 /INPUT 1 "rst";
    .port_info 4 /OUTPUT 32 "dout";
P_0x7feca94a2ba0 .param/l "N" 0 5 2, +C4<00000000000000000000000000100000>;
v0x7feca94a2cd0_0 .net "clk", 0 0, o0x7feca9542128;  alias, 0 drivers
v0x7feca94a2d60_0 .net "din", 31 0, L_0x7feca97090f0;  alias, 1 drivers
v0x7feca94a2df0_0 .var "dout", 31 0;
v0x7feca94a2eb0_0 .net "en", 0 0, L_0x7feca970ad00;  1 drivers
v0x7feca94a2f50_0 .net "rst", 0 0, o0x7feca95421e8;  alias, 0 drivers
S_0x7feca94a30a0 .scope module, "reginst" "register" 10 14, 5 1 0, S_0x7feca9497240;
 .timescale 0 0;
    .port_info 0 /INPUT 32 "din";
    .port_info 1 /INPUT 1 "clk";
    .port_info 2 /INPUT 1 "en";
    .port_info 3 /INPUT 1 "rst";
    .port_info 4 /OUTPUT 32 "dout";
P_0x7feca94a3260 .param/l "N" 0 5 2, +C4<00000000000000000000000000100000>;
v0x7feca94a3360_0 .net "clk", 0 0, o0x7feca9542128;  alias, 0 drivers
L_0x7feca9573098 .functor BUFT 1, C4<00000000000000000000000000000000>, C4<0>, C4<0>, C4<0>;
v0x7feca94a3400_0 .net "din", 31 0, L_0x7feca9573098;  1 drivers
v0x7feca94a34b0_0 .var "dout", 31 0;
L_0x7feca95730e0 .functor BUFT 1, C4<0>, C4<0>, C4<0>, C4<0>;
v0x7feca94a3570_0 .net "en", 0 0, L_0x7feca95730e0;  1 drivers
v0x7feca94a3610_0 .net "rst", 0 0, o0x7feca95421e8;  alias, 0 drivers
S_0x7feca94a4410 .scope module, "sign_1" "signExtend" 6 124, 11 1 0, S_0x7feca9434030;
 .timescale 0 0;
    .port_info 0 /INPUT 16 "din";
    .port_info 1 /OUTPUT 32 "dout";
P_0x7feca94a4580 .param/l "I" 0 11 3, +C4<00000000000000000000000000010000>;
P_0x7feca94a45c0 .param/l "N" 0 11 2, +C4<00000000000000000000000000100000>;
v0x7feca94a4770_0 .net *"_ivl_1", 0 0, L_0x7feca970afa0;  1 drivers
L_0x7feca95731b8 .functor BUFT 1, C4<1111111111111111>, C4<0>, C4<0>, C4<0>;
v0x7feca94a4800_0 .net/2u *"_ivl_2", 15 0, L_0x7feca95731b8;  1 drivers
v0x7feca94a4890_0 .net *"_ivl_4", 31 0, L_0x7feca970b080;  1 drivers
L_0x7feca9573200 .functor BUFT 1, C4<0000000000000000>, C4<0>, C4<0>, C4<0>;
v0x7feca94a4920_0 .net/2u *"_ivl_6", 15 0, L_0x7feca9573200;  1 drivers
v0x7feca94a49b0_0 .net *"_ivl_8", 31 0, L_0x7feca970b1e0;  1 drivers
v0x7feca94a4a40_0 .net "din", 15 0, L_0x7feca970b4c0;  1 drivers
v0x7feca94a4ad0_0 .net "dout", 31 0, L_0x7feca970b2e0;  alias, 1 drivers
L_0x7feca970afa0 .part L_0x7feca970b4c0, 15, 1;
L_0x7feca970b080 .concat [ 16 16 0 0], L_0x7feca970b4c0, L_0x7feca95731b8;
L_0x7feca970b1e0 .concat [ 16 16 0 0], L_0x7feca970b4c0, L_0x7feca9573200;
L_0x7feca970b2e0 .functor MUXZ 32, L_0x7feca970b1e0, L_0x7feca970b080, L_0x7feca970afa0, C4<>;
S_0x7feca94a4b60 .scope module, "sl32_imm" "shiftLeft32" 6 129, 12 1 0, S_0x7feca9434030;
 .timescale 0 0;
    .port_info 0 /INPUT 32 "din";
    .port_info 1 /OUTPUT 32 "dout";
P_0x7feca94a4d20 .param/l "N" 0 12 2, +C4<00000000000000000000000000100000>;
v0x7feca94a4e70_0 .net *"_ivl_2", 29 0, L_0x7feca970b5e0;  1 drivers
L_0x7feca9573248 .functor BUFT 1, C4<00>, C4<0>, C4<0>, C4<0>;
v0x7feca94a4f30_0 .net *"_ivl_4", 1 0, L_0x7feca9573248;  1 drivers
v0x7feca94a4fd0_0 .net "din", 31 0, L_0x7feca970b2e0;  alias, 1 drivers
v0x7feca94a5060_0 .net "dout", 31 0, L_0x7feca970b700;  alias, 1 drivers
L_0x7feca970b5e0 .part L_0x7feca970b2e0, 0, 30;
L_0x7feca970b700 .concat [ 2 30 0 0], L_0x7feca9573248, L_0x7feca970b5e0;
S_0x7feca94a5110 .scope module, "sl32_jump" "shiftLeft32" 6 175, 12 1 0, S_0x7feca9434030;
 .timescale 0 0;
    .port_info 0 /INPUT 28 "din";
    .port_info 1 /OUTPUT 28 "dout";
P_0x7feca94a53d0 .param/l "N" 0 12 2, +C4<00000000000000000000000000011100>;
v0x7feca94a54a0_0 .net *"_ivl_2", 25 0, L_0x7feca970b9a0;  1 drivers
L_0x7feca9573320 .functor BUFT 1, C4<00>, C4<0>, C4<0>, C4<0>;
v0x7feca94a5560_0 .net *"_ivl_4", 1 0, L_0x7feca9573320;  1 drivers
v0x7feca94a5600_0 .net "din", 27 0, L_0x7feca970bcd0;  1 drivers
v0x7feca94a5690_0 .net "dout", 27 0, L_0x7feca970baa0;  1 drivers
L_0x7feca970b9a0 .part L_0x7feca970bcd0, 0, 26;
L_0x7feca970baa0 .concat [ 2 26 0 0], L_0x7feca9573320, L_0x7feca970b9a0;
S_0x7feca94a79a0 .scope module, "nextPCLogic_1" "nextPCLogic" 2 54, 13 1 0, S_0x7feca946c170;
 .timescale 0 0;
    .port_info 0 /INPUT 1 "zero";
    .port_info 1 /INPUT 1 "branchEq";
    .port_info 2 /INPUT 1 "branchNeq";
    .port_info 3 /INPUT 1 "pcwrite";
    .port_info 4 /OUTPUT 1 "pcen";
L_0x7feca9707740 .functor AND 1, L_0x7feca970b7e0, v0x7feca941e9b0_0, C4<1>, C4<1>;
L_0x7feca9708980 .functor NOT 1, L_0x7feca970b7e0, C4<0>, C4<0>, C4<0>;
L_0x7feca9708a10 .functor AND 1, L_0x7feca9708980, v0x7feca941ea40_0, C4<1>, C4<1>;
L_0x7feca9708b80 .functor OR 1, L_0x7feca9707740, L_0x7feca9708a10, C4<0>, C4<0>;
L_0x7feca9708cb0 .functor OR 1, L_0x7feca9708b80, v0x7feca940c8d0_0, C4<0>, C4<0>;
v0x7feca94a7c10_0 .net *"_ivl_0", 0 0, L_0x7feca9707740;  1 drivers
v0x7feca94a7cb0_0 .net *"_ivl_2", 0 0, L_0x7feca9708980;  1 drivers
v0x7feca9491200_0 .net *"_ivl_4", 0 0, L_0x7feca9708a10;  1 drivers
v0x7feca94a7d60_0 .net *"_ivl_6", 0 0, L_0x7feca9708b80;  1 drivers
v0x7feca94a7e10_0 .net "branchEq", 0 0, v0x7feca941e9b0_0;  alias, 1 drivers
v0x7feca94a7f20_0 .net "branchNeq", 0 0, v0x7feca941ea40_0;  alias, 1 drivers
v0x7feca94a7ff0_0 .net "pcen", 0 0, L_0x7feca9708cb0;  alias, 1 drivers
v0x7feca94a80c0_0 .net "pcwrite", 0 0, v0x7feca940c8d0_0;  alias, 1 drivers
v0x7feca94a8150_0 .net "zero", 0 0, L_0x7feca970b7e0;  alias, 1 drivers
    .scope S_0x7feca9472b80;
T_0 ;
    %wait E_0x7feca9472de0;
    %load/vec4 v0x7feca942ae10_0;
    %nor/r;
    %flag_set/vec4 8;
    %jmp/0xz  T_0.0, 8;
    %pushi/vec4 0, 0, 4;
    %assign/vec4 v0x7feca9471f50_0, 0;
    %jmp T_0.1;
T_0.0 ;
    %load/vec4 v0x7feca9472000_0;
    %flag_set/vec4 8;
    %jmp/0xz  T_0.2, 8;
    %load/vec4 v0x7feca9471ec0_0;
    %assign/vec4 v0x7feca9471f50_0, 0;
T_0.2 ;
T_0.1 ;
    %jmp T_0;
    .thread T_0;
    .scope S_0x7feca9476110;
T_1 ;
    %wait E_0x7feca9473ab0;
    %pushi/vec4 0, 0, 4;
    %store/vec4 v0x7feca940cb10_0, 0, 4;
    %load/vec4 v0x7feca94072c0_0;
    %dup/vec4;
    %pushi/vec4 0, 0, 4;
    %cmp/u;
    %jmp/1 T_1.0, 6;
    %dup/vec4;
    %pushi/vec4 1, 0, 4;
    %cmp/u;
    %jmp/1 T_1.1, 6;
    %dup/vec4;
    %pushi/vec4 2, 0, 4;
    %cmp/u;
    %jmp/1 T_1.2, 6;
    %dup/vec4;
    %pushi/vec4 3, 0, 4;
    %cmp/u;
    %jmp/1 T_1.3, 6;
    %dup/vec4;
    %pushi/vec4 4, 0, 4;
    %cmp/u;
    %jmp/1 T_1.4, 6;
    %dup/vec4;
    %pushi/vec4 5, 0, 4;
    %cmp/u;
    %jmp/1 T_1.5, 6;
    %dup/vec4;
    %pushi/vec4 6, 0, 4;
    %cmp/u;
    %jmp/1 T_1.6, 6;
    %dup/vec4;
    %pushi/vec4 7, 0, 4;
    %cmp/u;
    %jmp/1 T_1.7, 6;
    %dup/vec4;
    %pushi/vec4 8, 0, 4;
    %cmp/u;
    %jmp/1 T_1.8, 6;
    %dup/vec4;
    %pushi/vec4 9, 0, 4;
    %cmp/u;
    %jmp/1 T_1.9, 6;
    %dup/vec4;
    %pushi/vec4 10, 0, 4;
    %cmp/u;
    %jmp/1 T_1.10, 6;
    %dup/vec4;
    %pushi/vec4 11, 0, 4;
    %cmp/u;
    %jmp/1 T_1.11, 6;
    %dup/vec4;
    %pushi/vec4 12, 0, 4;
    %cmp/u;
    %jmp/1 T_1.12, 6;
    %jmp T_1.13;
T_1.0 ;
    %pushi/vec4 1, 0, 4;
    %store/vec4 v0x7feca940cb10_0, 0, 4;
    %jmp T_1.13;
T_1.1 ;
    %load/vec4 v0x7feca94070a0_0;
    %cmpi/e 35, 0, 6;
    %flag_mov 8, 4;
    %load/vec4 v0x7feca94070a0_0;
    %cmpi/e 43, 0, 6;
    %flag_or 4, 8;
    %jmp/0xz  T_1.14, 4;
    %pushi/vec4 2, 0, 4;
    %store/vec4 v0x7feca940cb10_0, 0, 4;
    %jmp T_1.15;
T_1.14 ;
    %load/vec4 v0x7feca94070a0_0;
    %nor/r;
    %flag_set/vec4 8;
    %jmp/0xz  T_1.16, 8;
    %pushi/vec4 6, 0, 4;
    %store/vec4 v0x7feca940cb10_0, 0, 4;
    %jmp T_1.17;
T_1.16 ;
    %load/vec4 v0x7feca94070a0_0;
    %cmpi/e 4, 0, 6;
    %jmp/0xz  T_1.18, 4;
    %pushi/vec4 8, 0, 4;
    %store/vec4 v0x7feca940cb10_0, 0, 4;
    %jmp T_1.19;
T_1.18 ;
    %load/vec4 v0x7feca94070a0_0;
    %cmpi/e 5, 0, 6;
    %jmp/0xz  T_1.20, 4;
    %pushi/vec4 9, 0, 4;
    %store/vec4 v0x7feca940cb10_0, 0, 4;
    %jmp T_1.21;
T_1.20 ;
    %load/vec4 v0x7feca94070a0_0;
    %cmpi/e 8, 0, 6;
    %jmp/0xz  T_1.22, 4;
    %pushi/vec4 10, 0, 4;
    %store/vec4 v0x7feca940cb10_0, 0, 4;
    %jmp T_1.23;
T_1.22 ;
    %load/vec4 v0x7feca94070a0_0;
    %cmpi/e 2, 0, 6;
    %jmp/0xz  T_1.24, 4;
    %pushi/vec4 12, 0, 4;
    %store/vec4 v0x7feca940cb10_0, 0, 4;
T_1.24 ;
T_1.23 ;
T_1.21 ;
T_1.19 ;
T_1.17 ;
T_1.15 ;
    %jmp T_1.13;
T_1.2 ;
    %load/vec4 v0x7feca94070a0_0;
    %cmpi/e 35, 0, 6;
    %jmp/0xz  T_1.26, 4;
    %pushi/vec4 3, 0, 4;
    %store/vec4 v0x7feca940cb10_0, 0, 4;
    %jmp T_1.27;
T_1.26 ;
    %load/vec4 v0x7feca94070a0_0;
    %cmpi/e 43, 0, 6;
    %jmp/0xz  T_1.28, 4;
    %pushi/vec4 5, 0, 4;
    %store/vec4 v0x7feca940cb10_0, 0, 4;
T_1.28 ;
T_1.27 ;
    %jmp T_1.13;
T_1.3 ;
    %pushi/vec4 4, 0, 4;
    %store/vec4 v0x7feca940cb10_0, 0, 4;
    %jmp T_1.13;
T_1.4 ;
    %pushi/vec4 0, 0, 4;
    %store/vec4 v0x7feca940cb10_0, 0, 4;
    %jmp T_1.13;
T_1.5 ;
    %pushi/vec4 0, 0, 4;
    %store/vec4 v0x7feca940cb10_0, 0, 4;
    %jmp T_1.13;
T_1.6 ;
    %pushi/vec4 7, 0, 4;
    %store/vec4 v0x7feca940cb10_0, 0, 4;
    %jmp T_1.13;
T_1.7 ;
    %pushi/vec4 0, 0, 4;
    %store/vec4 v0x7feca940cb10_0, 0, 4;
    %jmp T_1.13;
T_1.8 ;
    %pushi/vec4 0, 0, 4;
    %store/vec4 v0x7feca940cb10_0, 0, 4;
    %jmp T_1.13;
T_1.9 ;
    %pushi/vec4 0, 0, 4;
    %store/vec4 v0x7feca940cb10_0, 0, 4;
    %jmp T_1.13;
T_1.10 ;
    %pushi/vec4 11, 0, 4;
    %store/vec4 v0x7feca940cb10_0, 0, 4;
    %jmp T_1.13;
T_1.11 ;
    %pushi/vec4 0, 0, 4;
    %store/vec4 v0x7feca940cb10_0, 0, 4;
    %jmp T_1.13;
T_1.12 ;
    %pushi/vec4 0, 0, 4;
    %store/vec4 v0x7feca940cb10_0, 0, 4;
    %jmp T_1.13;
T_1.13 ;
    %pop/vec4 1;
    %jmp T_1;
    .thread T_1, $push;
    .scope S_0x7feca9476110;
T_2 ;
    %wait E_0x7feca9473a70;
    %pushi/vec4 0, 0, 1;
    %store/vec4 v0x7feca941e9b0_0, 0, 1;
    %pushi/vec4 0, 0, 1;
    %store/vec4 v0x7feca941ea40_0, 0, 1;
    %pushi/vec4 0, 0, 1;
    %store/vec4 v0x7feca941eba0_0, 0, 1;
    %pushi/vec4 0, 0, 1;
    %store/vec4 v0x7feca942afb0_0, 0, 1;
    %pushi/vec4 0, 0, 2;
    %store/vec4 v0x7feca942b040_0, 0, 2;
    %pushi/vec4 0, 0, 2;
    %store/vec4 v0x7feca942af00_0, 0, 2;
    %pushi/vec4 0, 0, 2;
    %store/vec4 v0x7feca9410010_0, 0, 2;
    %pushi/vec4 0, 0, 1;
    %store/vec4 v0x7feca941eb10_0, 0, 1;
    %pushi/vec4 0, 0, 1;
    %store/vec4 v0x7feca940c8d0_0, 0, 1;
    %pushi/vec4 0, 0, 1;
    %store/vec4 v0x7feca940ff80_0, 0, 1;
    %pushi/vec4 0, 0, 1;
    %store/vec4 v0x7feca940c960_0, 0, 1;
    %pushi/vec4 0, 0, 1;
    %store/vec4 v0x7feca940fe70_0, 0, 1;
    %pushi/vec4 0, 0, 1;
    %store/vec4 v0x7feca940c9f0_0, 0, 1;
    %load/vec4 v0x7feca94072c0_0;
    %dup/vec4;
    %pushi/vec4 0, 0, 4;
    %cmp/u;
    %jmp/1 T_2.0, 6;
    %dup/vec4;
    %pushi/vec4 1, 0, 4;
    %cmp/u;
    %jmp/1 T_2.1, 6;
    %dup/vec4;
    %pushi/vec4 2, 0, 4;
    %cmp/u;
    %jmp/1 T_2.2, 6;
    %dup/vec4;
    %pushi/vec4 3, 0, 4;
    %cmp/u;
    %jmp/1 T_2.3, 6;
    %dup/vec4;
    %pushi/vec4 4, 0, 4;
    %cmp/u;
    %jmp/1 T_2.4, 6;
    %dup/vec4;
    %pushi/vec4 5, 0, 4;
    %cmp/u;
    %jmp/1 T_2.5, 6;
    %dup/vec4;
    %pushi/vec4 6, 0, 4;
    %cmp/u;
    %jmp/1 T_2.6, 6;
    %dup/vec4;
    %pushi/vec4 7, 0, 4;
    %cmp/u;
    %jmp/1 T_2.7, 6;
    %dup/vec4;
    %pushi/vec4 8, 0, 4;
    %cmp/u;
    %jmp/1 T_2.8, 6;
    %dup/vec4;
    %pushi/vec4 9, 0, 4;
    %cmp/u;
    %jmp/1 T_2.9, 6;
    %dup/vec4;
    %pushi/vec4 8, 0, 4;
    %cmp/u;
    %jmp/1 T_2.10, 6;
    %dup/vec4;
    %pushi/vec4 11, 0, 4;
    %cmp/u;
    %jmp/1 T_2.11, 6;
    %dup/vec4;
    %pushi/vec4 12, 0, 4;
    %cmp/u;
    %jmp/1 T_2.12, 6;
    %jmp T_2.13;
T_2.0 ;
    %pushi/vec4 0, 0, 1;
    %store/vec4 v0x7feca941eba0_0, 0, 1;
    %pushi/vec4 0, 0, 1;
    %store/vec4 v0x7feca942afb0_0, 0, 1;
    %pushi/vec4 1, 0, 2;
    %store/vec4 v0x7feca942b040_0, 0, 2;
    %pushi/vec4 0, 0, 2;
    %store/vec4 v0x7feca942af00_0, 0, 2;
    %pushi/vec4 0, 0, 2;
    %store/vec4 v0x7feca9410010_0, 0, 2;
    %pushi/vec4 1, 0, 1;
    %store/vec4 v0x7feca941eb10_0, 0, 1;
    %pushi/vec4 1, 0, 1;
    %store/vec4 v0x7feca940c8d0_0, 0, 1;
    %jmp T_2.13;
T_2.1 ;
    %pushi/vec4 0, 0, 1;
    %store/vec4 v0x7feca942afb0_0, 0, 1;
    %pushi/vec4 0, 0, 2;
    %store/vec4 v0x7feca942b040_0, 0, 2;
    %pushi/vec4 0, 0, 2;
    %store/vec4 v0x7feca942af00_0, 0, 2;
    %jmp T_2.13;
T_2.2 ;
    %pushi/vec4 1, 0, 1;
    %store/vec4 v0x7feca942afb0_0, 0, 1;
    %pushi/vec4 2, 0, 2;
    %store/vec4 v0x7feca942b040_0, 0, 2;
    %pushi/vec4 0, 0, 2;
    %store/vec4 v0x7feca942af00_0, 0, 2;
    %jmp T_2.13;
T_2.3 ;
    %pushi/vec4 1, 0, 1;
    %store/vec4 v0x7feca941eba0_0, 0, 1;
    %jmp T_2.13;
T_2.4 ;
    %pushi/vec4 0, 0, 1;
    %store/vec4 v0x7feca940c960_0, 0, 1;
    %pushi/vec4 1, 0, 1;
    %store/vec4 v0x7feca940fe70_0, 0, 1;
    %pushi/vec4 1, 0, 1;
    %store/vec4 v0x7feca940c9f0_0, 0, 1;
    %jmp T_2.13;
T_2.5 ;
    %pushi/vec4 1, 0, 1;
    %store/vec4 v0x7feca941eba0_0, 0, 1;
    %pushi/vec4 1, 0, 1;
    %store/vec4 v0x7feca940ff80_0, 0, 1;
    %jmp T_2.13;
T_2.6 ;
    %pushi/vec4 1, 0, 1;
    %store/vec4 v0x7feca942afb0_0, 0, 1;
    %pushi/vec4 0, 0, 2;
    %store/vec4 v0x7feca942b040_0, 0, 2;
    %pushi/vec4 3, 1, 2;
    %store/vec4 v0x7feca942af00_0, 0, 2;
    %jmp T_2.13;
T_2.7 ;
    %pushi/vec4 1, 0, 1;
    %store/vec4 v0x7feca940c960_0, 0, 1;
    %pushi/vec4 0, 0, 1;
    %store/vec4 v0x7feca940fe70_0, 0, 1;
    %pushi/vec4 1, 0, 1;
    %store/vec4 v0x7feca940c9f0_0, 0, 1;
    %jmp T_2.13;
T_2.8 ;
    %pushi/vec4 1, 0, 1;
    %store/vec4 v0x7feca942afb0_0, 0, 1;
    %pushi/vec4 0, 0, 2;
    %store/vec4 v0x7feca942b040_0, 0, 2;
    %pushi/vec4 3, 2, 2;
    %store/vec4 v0x7feca942af00_0, 0, 2;
    %pushi/vec4 1, 0, 2;
    %store/vec4 v0x7feca9410010_0, 0, 2;
    %pushi/vec4 1, 0, 1;
    %store/vec4 v0x7feca941e9b0_0, 0, 1;
    %jmp T_2.13;
T_2.9 ;
    %pushi/vec4 1, 0, 1;
    %store/vec4 v0x7feca942afb0_0, 0, 1;
    %pushi/vec4 0, 0, 2;
    %store/vec4 v0x7feca942b040_0, 0, 2;
    %pushi/vec4 3, 2, 2;
    %store/vec4 v0x7feca942af00_0, 0, 2;
    %pushi/vec4 1, 0, 2;
    %store/vec4 v0x7feca9410010_0, 0, 2;
    %pushi/vec4 1, 0, 1;
    %store/vec4 v0x7feca941ea40_0, 0, 1;
    %jmp T_2.13;
T_2.10 ;
    %pushi/vec4 1, 0, 1;
    %store/vec4 v0x7feca942afb0_0, 0, 1;
    %pushi/vec4 2, 0, 2;
    %store/vec4 v0x7feca942b040_0, 0, 2;
    %pushi/vec4 0, 0, 2;
    %store/vec4 v0x7feca942af00_0, 0, 2;
    %jmp T_2.13;
T_2.11 ;
    %pushi/vec4 0, 0, 1;
    %store/vec4 v0x7feca940c960_0, 0, 1;
    %pushi/vec4 0, 0, 1;
    %store/vec4 v0x7feca940fe70_0, 0, 1;
    %pushi/vec4 1, 0, 1;
    %store/vec4 v0x7feca940c9f0_0, 0, 1;
    %jmp T_2.13;
T_2.12 ;
    %pushi/vec4 2, 0, 2;
    %store/vec4 v0x7feca9410010_0, 0, 2;
    %pushi/vec4 1, 0, 1;
    %store/vec4 v0x7feca940c8d0_0, 0, 1;
    %jmp T_2.13;
T_2.13 ;
    %pop/vec4 1;
    %jmp T_2;
    .thread T_2, $push;
    .scope S_0x7feca946b5e0;
T_3 ;
    %wait E_0x7feca9484760;
    %pushi/vec4 0, 0, 4;
    %store/vec4 v0x7feca94323d0_0, 0, 4;
    %load/vec4 v0x7feca9476f80_0;
    %parti/s 1, 0, 2;
    %cmpi/e 1, 0, 1;
    %jmp/0xz  T_3.0, 4;
    %pushi/vec4 6, 0, 4;
    %store/vec4 v0x7feca94323d0_0, 0, 4;
    %jmp T_3.1;
T_3.0 ;
    %load/vec4 v0x7feca9476f80_0;
    %parti/s 1, 1, 2;
    %cmpi/e 1, 0, 1;
    %jmp/0xz  T_3.2, 4;
    %load/vec4 v0x7feca9477030_0;
    %dup/vec4;
    %pushi/vec4 32, 0, 6;
    %cmp/u;
    %jmp/1 T_3.4, 6;
    %dup/vec4;
    %pushi/vec4 34, 0, 6;
    %cmp/u;
    %jmp/1 T_3.5, 6;
    %dup/vec4;
    %pushi/vec4 36, 0, 6;
    %cmp/u;
    %jmp/1 T_3.6, 6;
    %dup/vec4;
    %pushi/vec4 37, 0, 6;
    %cmp/u;
    %jmp/1 T_3.7, 6;
    %dup/vec4;
    %pushi/vec4 38, 0, 6;
    %cmp/u;
    %jmp/1 T_3.8, 6;
    %dup/vec4;
    %pushi/vec4 39, 0, 6;
    %cmp/u;
    %jmp/1 T_3.9, 6;
    %jmp T_3.10;
T_3.4 ;
    %pushi/vec4 2, 0, 4;
    %store/vec4 v0x7feca94323d0_0, 0, 4;
    %jmp T_3.10;
T_3.5 ;
    %pushi/vec4 6, 0, 4;
    %store/vec4 v0x7feca94323d0_0, 0, 4;
    %jmp T_3.10;
T_3.6 ;
    %pushi/vec4 0, 0, 4;
    %store/vec4 v0x7feca94323d0_0, 0, 4;
    %jmp T_3.10;
T_3.7 ;
    %pushi/vec4 1, 0, 4;
    %store/vec4 v0x7feca94323d0_0, 0, 4;
    %jmp T_3.10;
T_3.8 ;
    %pushi/vec4 3, 0, 4;
    %store/vec4 v0x7feca94323d0_0, 0, 4;
    %jmp T_3.10;
T_3.9 ;
    %pushi/vec4 4, 0, 4;
    %store/vec4 v0x7feca94323d0_0, 0, 4;
    %jmp T_3.10;
T_3.10 ;
    %pop/vec4 1;
    %jmp T_3.3;
T_3.2 ;
    %pushi/vec4 2, 0, 4;
    %store/vec4 v0x7feca94323d0_0, 0, 4;
T_3.3 ;
T_3.1 ;
    %jmp T_3;
    .thread T_3, $push;
    .scope S_0x7feca9496b70;
T_4 ;
    %wait E_0x7feca9472de0;
    %load/vec4 v0x7feca9497110_0;
    %nor/r;
    %flag_set/vec4 8;
    %jmp/0xz  T_4.0, 8;
    %pushi/vec4 0, 0, 32;
    %assign/vec4 v0x7feca9496f90_0, 0;
    %jmp T_4.1;
T_4.0 ;
    %load/vec4 v0x7feca9497080_0;
    %flag_set/vec4 8;
    %jmp/0xz  T_4.2, 8;
    %load/vec4 v0x7feca9496ed0_0;
    %assign/vec4 v0x7feca9496f90_0, 0;
T_4.2 ;
T_4.1 ;
    %jmp T_4;
    .thread T_4;
    .scope S_0x7feca94956b0;
T_5 ;
    %wait E_0x7feca9472de0;
    %load/vec4 v0x7feca9495c90_0;
    %nor/r;
    %flag_set/vec4 8;
    %jmp/0xz  T_5.0, 8;
    %pushi/vec4 0, 0, 32;
    %assign/vec4 v0x7feca9495b30_0, 0;
    %jmp T_5.1;
T_5.0 ;
    %load/vec4 v0x7feca9495be0_0;
    %flag_set/vec4 8;
    %jmp/0xz  T_5.2, 8;
    %load/vec4 v0x7feca9495a90_0;
    %assign/vec4 v0x7feca9495b30_0, 0;
T_5.2 ;
T_5.1 ;
    %jmp T_5;
    .thread T_5;
    .scope S_0x7feca9494fb0;
T_6 ;
    %wait E_0x7feca9472de0;
    %load/vec4 v0x7feca9495560_0;
    %nor/r;
    %flag_set/vec4 8;
    %jmp/0xz  T_6.0, 8;
    %pushi/vec4 0, 0, 32;
    %assign/vec4 v0x7feca9495400_0, 0;
    %jmp T_6.1;
T_6.0 ;
    %load/vec4 v0x7feca94954c0_0;
    %flag_set/vec4 8;
    %jmp/0xz  T_6.2, 8;
    %load/vec4 v0x7feca9495350_0;
    %assign/vec4 v0x7feca9495400_0, 0;
T_6.2 ;
T_6.1 ;
    %jmp T_6;
    .thread T_6;
    .scope S_0x7feca94979e0;
T_7 ;
    %wait E_0x7feca9472de0;
    %load/vec4 v0x7feca9497fd0_0;
    %nor/r;
    %flag_set/vec4 8;
    %jmp/0xz  T_7.0, 8;
    %pushi/vec4 0, 0, 32;
    %assign/vec4 v0x7feca9497eb0_0, 0;
    %jmp T_7.1;
T_7.0 ;
    %load/vec4 v0x7feca9497f40_0;
    %flag_set/vec4 8;
    %jmp/0xz  T_7.2, 8;
    %load/vec4 v0x7feca9497e10_0;
    %assign/vec4 v0x7feca9497eb0_0, 0;
T_7.2 ;
T_7.1 ;
    %jmp T_7;
    .thread T_7;
    .scope S_0x7feca94983c0;
T_8 ;
    %wait E_0x7feca9472de0;
    %load/vec4 v0x7feca9498960_0;
    %nor/r;
    %flag_set/vec4 8;
    %jmp/0xz  T_8.0, 8;
    %pushi/vec4 0, 0, 32;
    %assign/vec4 v0x7feca9498820_0, 0;
    %jmp T_8.1;
T_8.0 ;
    %load/vec4 v0x7feca94988c0_0;
    %flag_set/vec4 8;
    %jmp/0xz  T_8.2, 8;
    %load/vec4 v0x7feca9498740_0;
    %assign/vec4 v0x7feca9498820_0, 0;
T_8.2 ;
T_8.1 ;
    %jmp T_8;
    .thread T_8;
    .scope S_0x7feca9498d10;
T_9 ;
    %wait E_0x7feca9472de0;
    %load/vec4 v0x7feca9499290_0;
    %nor/r;
    %flag_set/vec4 8;
    %jmp/0xz  T_9.0, 8;
    %pushi/vec4 0, 0, 32;
    %assign/vec4 v0x7feca9499130_0, 0;
    %jmp T_9.1;
T_9.0 ;
    %load/vec4 v0x7feca94991f0_0;
    %flag_set/vec4 8;
    %jmp/0xz  T_9.2, 8;
    %load/vec4 v0x7feca9499090_0;
    %assign/vec4 v0x7feca9499130_0, 0;
T_9.2 ;
T_9.1 ;
    %jmp T_9;
    .thread T_9;
    .scope S_0x7feca9499630;
T_10 ;
    %wait E_0x7feca9472de0;
    %load/vec4 v0x7feca9499c10_0;
    %nor/r;
    %flag_set/vec4 8;
    %jmp/0xz  T_10.0, 8;
    %pushi/vec4 0, 0, 32;
    %assign/vec4 v0x7feca9499ad0_0, 0;
    %jmp T_10.1;
T_10.0 ;
    %load/vec4 v0x7feca9499b80_0;
    %flag_set/vec4 8;
    %jmp/0xz  T_10.2, 8;
    %load/vec4 v0x7feca94999b0_0;
    %assign/vec4 v0x7feca9499ad0_0, 0;
T_10.2 ;
T_10.1 ;
    %jmp T_10;
    .thread T_10;
    .scope S_0x7feca9499fc0;
T_11 ;
    %wait E_0x7feca9472de0;
    %load/vec4 v0x7feca949a4a0_0;
    %nor/r;
    %flag_set/vec4 8;
    %jmp/0xz  T_11.0, 8;
    %pushi/vec4 0, 0, 32;
    %assign/vec4 v0x7feca949a3d0_0, 0;
    %jmp T_11.1;
T_11.0 ;
    %load/vec4 v0x7fecaa004080_0;
    %flag_set/vec4 8;
    %jmp/0xz  T_11.2, 8;
    %load/vec4 v0x7feca949a340_0;
    %assign/vec4 v0x7feca949a3d0_0, 0;
T_11.2 ;
T_11.1 ;
    %jmp T_11;
    .thread T_11;
    .scope S_0x7feca949a840;
T_12 ;
    %wait E_0x7feca9472de0;
    %load/vec4 v0x7feca949adc0_0;
    %nor/r;
    %flag_set/vec4 8;
    %jmp/0xz  T_12.0, 8;
    %pushi/vec4 0, 0, 32;
    %assign/vec4 v0x7feca949ac60_0, 0;
    %jmp T_12.1;
T_12.0 ;
    %load/vec4 v0x7feca949ad20_0;
    %flag_set/vec4 8;
    %jmp/0xz  T_12.2, 8;
    %load/vec4 v0x7feca949abc0_0;
    %assign/vec4 v0x7feca949ac60_0, 0;
T_12.2 ;
T_12.1 ;
    %jmp T_12;
    .thread T_12;
    .scope S_0x7feca949b160;
T_13 ;
    %wait E_0x7feca9472de0;
    %load/vec4 v0x7feca949b6e0_0;
    %nor/r;
    %flag_set/vec4 8;
    %jmp/0xz  T_13.0, 8;
    %pushi/vec4 0, 0, 32;
    %assign/vec4 v0x7feca949b580_0, 0;
    %jmp T_13.1;
T_13.0 ;
    %load/vec4 v0x7feca949b640_0;
    %flag_set/vec4 8;
    %jmp/0xz  T_13.2, 8;
    %load/vec4 v0x7feca949b4e0_0;
    %assign/vec4 v0x7feca949b580_0, 0;
T_13.2 ;
T_13.1 ;
    %jmp T_13;
    .thread T_13;
    .scope S_0x7feca960ee40;
T_14 ;
    %wait E_0x7feca9472de0;
    %load/vec4 v0x7feca9622230_0;
    %nor/r;
    %flag_set/vec4 8;
    %jmp/0xz  T_14.0, 8;
    %pushi/vec4 0, 0, 32;
    %assign/vec4 v0x7feca960f0b0_0, 0;
    %jmp T_14.1;
T_14.0 ;
    %load/vec4 v0x7feca961a730_0;
    %flag_set/vec4 8;
    %jmp/0xz  T_14.2, 8;
    %load/vec4 v0x7feca9607760_0;
    %assign/vec4 v0x7feca960f0b0_0, 0;
T_14.2 ;
T_14.1 ;
    %jmp T_14;
    .thread T_14;
    .scope S_0x7feca960e1d0;
T_15 ;
    %wait E_0x7feca9472de0;
    %load/vec4 v0x7feca9608380_0;
    %nor/r;
    %flag_set/vec4 8;
    %jmp/0xz  T_15.0, 8;
    %pushi/vec4 0, 0, 32;
    %assign/vec4 v0x7feca9608260_0, 0;
    %jmp T_15.1;
T_15.0 ;
    %load/vec4 v0x7feca96082f0_0;
    %flag_set/vec4 8;
    %jmp/0xz  T_15.2, 8;
    %load/vec4 v0x7feca960c850_0;
    %assign/vec4 v0x7feca9608260_0, 0;
T_15.2 ;
T_15.1 ;
    %jmp T_15;
    .thread T_15;
    .scope S_0x7feca9605010;
T_16 ;
    %wait E_0x7feca9472de0;
    %load/vec4 v0x7feca9622b20_0;
    %nor/r;
    %flag_set/vec4 8;
    %jmp/0xz  T_16.0, 8;
    %pushi/vec4 0, 0, 32;
    %assign/vec4 v0x7feca96084a0_0, 0;
    %jmp T_16.1;
T_16.0 ;
    %load/vec4 v0x7feca9622a90_0;
    %flag_set/vec4 8;
    %jmp/0xz  T_16.2, 8;
    %load/vec4 v0x7feca9608410_0;
    %assign/vec4 v0x7feca96084a0_0, 0;
T_16.2 ;
T_16.1 ;
    %jmp T_16;
    .thread T_16;
    .scope S_0x7feca9704630;
T_17 ;
    %wait E_0x7feca9472de0;
    %load/vec4 v0x7feca9704a20_0;
    %nor/r;
    %flag_set/vec4 8;
    %jmp/0xz  T_17.0, 8;
    %pushi/vec4 0, 0, 32;
    %assign/vec4 v0x7feca97048c0_0, 0;
    %jmp T_17.1;
T_17.0 ;
    %load/vec4 v0x7feca9704980_0;
    %flag_set/vec4 8;
    %jmp/0xz  T_17.2, 8;
    %load/vec4 v0x7feca9704830_0;
    %assign/vec4 v0x7feca97048c0_0, 0;
T_17.2 ;
T_17.1 ;
    %jmp T_17;
    .thread T_17;
    .scope S_0x7feca9704dd0;
T_18 ;
    %wait E_0x7feca9472de0;
    %load/vec4 v0x7feca9705340_0;
    %nor/r;
    %flag_set/vec4 8;
    %jmp/0xz  T_18.0, 8;
    %pushi/vec4 0, 0, 32;
    %assign/vec4 v0x7feca97051e0_0, 0;
    %jmp T_18.1;
T_18.0 ;
    %load/vec4 v0x7feca97052a0_0;
    %flag_set/vec4 8;
    %jmp/0xz  T_18.2, 8;
    %load/vec4 v0x7feca9705150_0;
    %assign/vec4 v0x7feca97051e0_0, 0;
T_18.2 ;
T_18.1 ;
    %jmp T_18;
    .thread T_18;
    .scope S_0x7feca97056f0;
T_19 ;
    %wait E_0x7feca9472de0;
    %load/vec4 v0x7feca9705c60_0;
    %nor/r;
    %flag_set/vec4 8;
    %jmp/0xz  T_19.0, 8;
    %pushi/vec4 0, 0, 32;
    %assign/vec4 v0x7feca9705b00_0, 0;
    %jmp T_19.1;
T_19.0 ;
    %load/vec4 v0x7feca9705bc0_0;
    %flag_set/vec4 8;
    %jmp/0xz  T_19.2, 8;
    %load/vec4 v0x7feca9705a70_0;
    %assign/vec4 v0x7feca9705b00_0, 0;
T_19.2 ;
T_19.1 ;
    %jmp T_19;
    .thread T_19;
    .scope S_0x7feca9706010;
T_20 ;
    %wait E_0x7feca9472de0;
    %load/vec4 v0x7feca9706580_0;
    %nor/r;
    %flag_set/vec4 8;
    %jmp/0xz  T_20.0, 8;
    %pushi/vec4 0, 0, 32;
    %assign/vec4 v0x7feca9706420_0, 0;
    %jmp T_20.1;
T_20.0 ;
    %load/vec4 v0x7feca97064e0_0;
    %flag_set/vec4 8;
    %jmp/0xz  T_20.2, 8;
    %load/vec4 v0x7feca9706390_0;
    %assign/vec4 v0x7feca9706420_0, 0;
T_20.2 ;
T_20.1 ;
    %jmp T_20;
    .thread T_20;
    .scope S_0x7feca9706930;
T_21 ;
    %wait E_0x7feca9472de0;
    %load/vec4 v0x7feca9706ea0_0;
    %nor/r;
    %flag_set/vec4 8;
    %jmp/0xz  T_21.0, 8;
    %pushi/vec4 0, 0, 32;
    %assign/vec4 v0x7feca9706d40_0, 0;
    %jmp T_21.1;
T_21.0 ;
    %load/vec4 v0x7feca9706e00_0;
    %flag_set/vec4 8;
    %jmp/0xz  T_21.2, 8;
    %load/vec4 v0x7feca9706cb0_0;
    %assign/vec4 v0x7feca9706d40_0, 0;
T_21.2 ;
T_21.1 ;
    %jmp T_21;
    .thread T_21;
    .scope S_0x7feca9707250;
T_22 ;
    %wait E_0x7feca9472de0;
    %load/vec4 v0x7feca97079c0_0;
    %nor/r;
    %flag_set/vec4 8;
    %jmp/0xz  T_22.0, 8;
    %pushi/vec4 0, 0, 32;
    %assign/vec4 v0x7feca9707860_0, 0;
    %jmp T_22.1;
T_22.0 ;
    %load/vec4 v0x7feca9707920_0;
    %flag_set/vec4 8;
    %jmp/0xz  T_22.2, 8;
    %load/vec4 v0x7feca97075d0_0;
    %assign/vec4 v0x7feca9707860_0, 0;
T_22.2 ;
T_22.1 ;
    %jmp T_22;
    .thread T_22;
    .scope S_0x7feca9707e70;
T_23 ;
    %wait E_0x7feca9472de0;
    %load/vec4 v0x7feca97083e0_0;
    %nor/r;
    %flag_set/vec4 8;
    %jmp/0xz  T_23.0, 8;
    %pushi/vec4 0, 0, 32;
    %assign/vec4 v0x7feca9708280_0, 0;
    %jmp T_23.1;
T_23.0 ;
    %load/vec4 v0x7feca9708340_0;
    %flag_set/vec4 8;
    %jmp/0xz  T_23.2, 8;
    %load/vec4 v0x7feca97081f0_0;
    %assign/vec4 v0x7feca9708280_0, 0;
T_23.2 ;
T_23.1 ;
    %jmp T_23;
    .thread T_23;
    .scope S_0x7feca9708790;
T_24 ;
    %wait E_0x7feca9472de0;
    %load/vec4 v0x7feca949b920_0;
    %nor/r;
    %flag_set/vec4 8;
    %jmp/0xz  T_24.0, 8;
    %pushi/vec4 0, 0, 32;
    %assign/vec4 v0x7feca949b800_0, 0;
    %jmp T_24.1;
T_24.0 ;
    %load/vec4 v0x7feca949b890_0;
    %flag_set/vec4 8;
    %jmp/0xz  T_24.2, 8;
    %load/vec4 v0x7feca949b770_0;
    %assign/vec4 v0x7feca949b800_0, 0;
T_24.2 ;
T_24.1 ;
    %jmp T_24;
    .thread T_24;
    .scope S_0x7feca949bc60;
T_25 ;
    %wait E_0x7feca9472de0;
    %load/vec4 v0x7feca949c1d0_0;
    %nor/r;
    %flag_set/vec4 8;
    %jmp/0xz  T_25.0, 8;
    %pushi/vec4 0, 0, 32;
    %assign/vec4 v0x7feca949c070_0, 0;
    %jmp T_25.1;
T_25.0 ;
    %load/vec4 v0x7feca949c130_0;
    %flag_set/vec4 8;
    %jmp/0xz  T_25.2, 8;
    %load/vec4 v0x7feca949bfe0_0;
    %assign/vec4 v0x7feca949c070_0, 0;
T_25.2 ;
T_25.1 ;
    %jmp T_25;
    .thread T_25;
    .scope S_0x7feca949c580;
T_26 ;
    %wait E_0x7feca9472de0;
    %load/vec4 v0x7feca949caf0_0;
    %nor/r;
    %flag_set/vec4 8;
    %jmp/0xz  T_26.0, 8;
    %pushi/vec4 0, 0, 32;
    %assign/vec4 v0x7feca949c990_0, 0;
    %jmp T_26.1;
T_26.0 ;
    %load/vec4 v0x7feca949ca50_0;
    %flag_set/vec4 8;
    %jmp/0xz  T_26.2, 8;
    %load/vec4 v0x7feca949c900_0;
    %assign/vec4 v0x7feca949c990_0, 0;
T_26.2 ;
T_26.1 ;
    %jmp T_26;
    .thread T_26;
    .scope S_0x7feca949cea0;
T_27 ;
    %wait E_0x7feca9472de0;
    %load/vec4 v0x7feca949d410_0;
    %nor/r;
    %flag_set/vec4 8;
    %jmp/0xz  T_27.0, 8;
    %pushi/vec4 0, 0, 32;
    %assign/vec4 v0x7feca949d2b0_0, 0;
    %jmp T_27.1;
T_27.0 ;
    %load/vec4 v0x7feca949d370_0;
    %flag_set/vec4 8;
    %jmp/0xz  T_27.2, 8;
    %load/vec4 v0x7feca949d220_0;
    %assign/vec4 v0x7feca949d2b0_0, 0;
T_27.2 ;
T_27.1 ;
    %jmp T_27;
    .thread T_27;
    .scope S_0x7feca949d7c0;
T_28 ;
    %wait E_0x7feca9472de0;
    %load/vec4 v0x7feca949dd30_0;
    %nor/r;
    %flag_set/vec4 8;
    %jmp/0xz  T_28.0, 8;
    %pushi/vec4 0, 0, 32;
    %assign/vec4 v0x7feca949dbd0_0, 0;
    %jmp T_28.1;
T_28.0 ;
    %load/vec4 v0x7feca949dc90_0;
    %flag_set/vec4 8;
    %jmp/0xz  T_28.2, 8;
    %load/vec4 v0x7feca949db40_0;
    %assign/vec4 v0x7feca949dbd0_0, 0;
T_28.2 ;
T_28.1 ;
    %jmp T_28;
    .thread T_28;
    .scope S_0x7feca949e0e0;
T_29 ;
    %wait E_0x7feca9472de0;
    %load/vec4 v0x7feca949e650_0;
    %nor/r;
    %flag_set/vec4 8;
    %jmp/0xz  T_29.0, 8;
    %pushi/vec4 0, 0, 32;
    %assign/vec4 v0x7feca949e4f0_0, 0;
    %jmp T_29.1;
T_29.0 ;
    %load/vec4 v0x7feca949e5b0_0;
    %flag_set/vec4 8;
    %jmp/0xz  T_29.2, 8;
    %load/vec4 v0x7feca949e460_0;
    %assign/vec4 v0x7feca949e4f0_0, 0;
T_29.2 ;
T_29.1 ;
    %jmp T_29;
    .thread T_29;
    .scope S_0x7feca949ea00;
T_30 ;
    %wait E_0x7feca9472de0;
    %load/vec4 v0x7feca949ef70_0;
    %nor/r;
    %flag_set/vec4 8;
    %jmp/0xz  T_30.0, 8;
    %pushi/vec4 0, 0, 32;
    %assign/vec4 v0x7feca949ee10_0, 0;
    %jmp T_30.1;
T_30.0 ;
    %load/vec4 v0x7feca949eed0_0;
    %flag_set/vec4 8;
    %jmp/0xz  T_30.2, 8;
    %load/vec4 v0x7feca949ed80_0;
    %assign/vec4 v0x7feca949ee10_0, 0;
T_30.2 ;
T_30.1 ;
    %jmp T_30;
    .thread T_30;
    .scope S_0x7feca949f320;
T_31 ;
    %wait E_0x7feca9472de0;
    %load/vec4 v0x7feca949f890_0;
    %nor/r;
    %flag_set/vec4 8;
    %jmp/0xz  T_31.0, 8;
    %pushi/vec4 0, 0, 32;
    %assign/vec4 v0x7feca949f730_0, 0;
    %jmp T_31.1;
T_31.0 ;
    %load/vec4 v0x7feca949f7f0_0;
    %flag_set/vec4 8;
    %jmp/0xz  T_31.2, 8;
    %load/vec4 v0x7feca949f6a0_0;
    %assign/vec4 v0x7feca949f730_0, 0;
T_31.2 ;
T_31.1 ;
    %jmp T_31;
    .thread T_31;
    .scope S_0x7feca949fc40;
T_32 ;
    %wait E_0x7feca9472de0;
    %load/vec4 v0x7feca94a01b0_0;
    %nor/r;
    %flag_set/vec4 8;
    %jmp/0xz  T_32.0, 8;
    %pushi/vec4 0, 0, 32;
    %assign/vec4 v0x7feca94a0050_0, 0;
    %jmp T_32.1;
T_32.0 ;
    %load/vec4 v0x7feca94a0110_0;
    %flag_set/vec4 8;
    %jmp/0xz  T_32.2, 8;
    %load/vec4 v0x7feca949ffc0_0;
    %assign/vec4 v0x7feca94a0050_0, 0;
T_32.2 ;
T_32.1 ;
    %jmp T_32;
    .thread T_32;
    .scope S_0x7feca94a0560;
T_33 ;
    %wait E_0x7feca9472de0;
    %load/vec4 v0x7feca94a0ad0_0;
    %nor/r;
    %flag_set/vec4 8;
    %jmp/0xz  T_33.0, 8;
    %pushi/vec4 0, 0, 32;
    %assign/vec4 v0x7feca94a0970_0, 0;
    %jmp T_33.1;
T_33.0 ;
    %load/vec4 v0x7feca94a0a30_0;
    %flag_set/vec4 8;
    %jmp/0xz  T_33.2, 8;
    %load/vec4 v0x7feca94a08e0_0;
    %assign/vec4 v0x7feca94a0970_0, 0;
T_33.2 ;
T_33.1 ;
    %jmp T_33;
    .thread T_33;
    .scope S_0x7feca94a0e80;
T_34 ;
    %wait E_0x7feca9472de0;
    %load/vec4 v0x7feca94a13f0_0;
    %nor/r;
    %flag_set/vec4 8;
    %jmp/0xz  T_34.0, 8;
    %pushi/vec4 0, 0, 32;
    %assign/vec4 v0x7feca94a1290_0, 0;
    %jmp T_34.1;
T_34.0 ;
    %load/vec4 v0x7feca94a1350_0;
    %flag_set/vec4 8;
    %jmp/0xz  T_34.2, 8;
    %load/vec4 v0x7feca94a1200_0;
    %assign/vec4 v0x7feca94a1290_0, 0;
T_34.2 ;
T_34.1 ;
    %jmp T_34;
    .thread T_34;
    .scope S_0x7feca94a17a0;
T_35 ;
    %wait E_0x7feca9472de0;
    %load/vec4 v0x7feca94a1d10_0;
    %nor/r;
    %flag_set/vec4 8;
    %jmp/0xz  T_35.0, 8;
    %pushi/vec4 0, 0, 32;
    %assign/vec4 v0x7feca94a1bb0_0, 0;
    %jmp T_35.1;
T_35.0 ;
    %load/vec4 v0x7feca94a1c70_0;
    %flag_set/vec4 8;
    %jmp/0xz  T_35.2, 8;
    %load/vec4 v0x7feca94a1b20_0;
    %assign/vec4 v0x7feca94a1bb0_0, 0;
T_35.2 ;
T_35.1 ;
    %jmp T_35;
    .thread T_35;
    .scope S_0x7feca94a20c0;
T_36 ;
    %wait E_0x7feca9472de0;
    %load/vec4 v0x7feca94a2630_0;
    %nor/r;
    %flag_set/vec4 8;
    %jmp/0xz  T_36.0, 8;
    %pushi/vec4 0, 0, 32;
    %assign/vec4 v0x7feca94a24d0_0, 0;
    %jmp T_36.1;
T_36.0 ;
    %load/vec4 v0x7feca94a2590_0;
    %flag_set/vec4 8;
    %jmp/0xz  T_36.2, 8;
    %load/vec4 v0x7feca94a2440_0;
    %assign/vec4 v0x7feca94a24d0_0, 0;
T_36.2 ;
T_36.1 ;
    %jmp T_36;
    .thread T_36;
    .scope S_0x7feca94a29e0;
T_37 ;
    %wait E_0x7feca9472de0;
    %load/vec4 v0x7feca94a2f50_0;
    %nor/r;
    %flag_set/vec4 8;
    %jmp/0xz  T_37.0, 8;
    %pushi/vec4 0, 0, 32;
    %assign/vec4 v0x7feca94a2df0_0, 0;
    %jmp T_37.1;
T_37.0 ;
    %load/vec4 v0x7feca94a2eb0_0;
    %flag_set/vec4 8;
    %jmp/0xz  T_37.2, 8;
    %load/vec4 v0x7feca94a2d60_0;
    %assign/vec4 v0x7feca94a2df0_0, 0;
T_37.2 ;
T_37.1 ;
    %jmp T_37;
    .thread T_37;
    .scope S_0x7feca94a30a0;
T_38 ;
    %wait E_0x7feca9472de0;
    %load/vec4 v0x7feca94a3610_0;
    %nor/r;
    %flag_set/vec4 8;
    %jmp/0xz  T_38.0, 8;
    %pushi/vec4 0, 0, 32;
    %assign/vec4 v0x7feca94a34b0_0, 0;
    %jmp T_38.1;
T_38.0 ;
    %load/vec4 v0x7feca94a3570_0;
    %flag_set/vec4 8;
    %jmp/0xz  T_38.2, 8;
    %load/vec4 v0x7feca94a3400_0;
    %assign/vec4 v0x7feca94a34b0_0, 0;
T_38.2 ;
T_38.1 ;
    %jmp T_38;
    .thread T_38;
    .scope S_0x7feca9497240;
T_39 ;
    %wait E_0x7feca9494b40;
    %pushi/vec4 0, 0, 32;
    %store/vec4 v0x7feca94a3bf0_0, 0, 32;
    %pushi/vec4 0, 0, 32;
    %store/vec4 v0x7feca94a39e0_0, 0, 32;
    %pushi/vec4 0, 0, 32;
    %store/vec4 v0x7feca94a3ab0_0, 0, 32;
    %load/vec4 v0x7feca94a4280_0;
    %flag_set/vec4 8;
    %jmp/0xz  T_39.0, 8;
    %pushi/vec4 1, 0, 1;
    %ix/getv 4, v0x7feca94a38a0_0;
    %store/vec4 v0x7feca94a3bf0_0, 4, 1;
    %jmp T_39.1;
T_39.0 ;
    %load/vec4 v0x7feca94a3760_0;
    %pad/u 7;
    %ix/vec4 4;
    %load/vec4a v0x7feca94a3ca0, 4;
    %store/vec4 v0x7feca94a39e0_0, 0, 32;
    %load/vec4 v0x7feca94a3800_0;
    %pad/u 7;
    %ix/vec4 4;
    %load/vec4a v0x7feca94a3ca0, 4;
    %store/vec4 v0x7feca94a3ab0_0, 0, 32;
T_39.1 ;
    %jmp T_39;
    .thread T_39, $push;
    .scope S_0x7feca9495e10;
T_40 ;
    %wait E_0x7feca9472de0;
    %load/vec4 v0x7feca9496360_0;
    %nor/r;
    %flag_set/vec4 8;
    %jmp/0xz  T_40.0, 8;
    %pushi/vec4 0, 0, 32;
    %assign/vec4 v0x7feca9496200_0, 0;
    %jmp T_40.1;
T_40.0 ;
    %load/vec4 v0x7feca94962d0_0;
    %flag_set/vec4 8;
    %jmp/0xz  T_40.2, 8;
    %load/vec4 v0x7feca9496150_0;
    %assign/vec4 v0x7feca9496200_0, 0;
T_40.2 ;
T_40.1 ;
    %jmp T_40;
    .thread T_40;
    .scope S_0x7feca94964b0;
T_41 ;
    %wait E_0x7feca9472de0;
    %load/vec4 v0x7feca9496a20_0;
    %nor/r;
    %flag_set/vec4 8;
    %jmp/0xz  T_41.0, 8;
    %pushi/vec4 0, 0, 32;
    %assign/vec4 v0x7feca94968c0_0, 0;
    %jmp T_41.1;
T_41.0 ;
    %load/vec4 v0x7feca9496990_0;
    %flag_set/vec4 8;
    %jmp/0xz  T_41.2, 8;
    %load/vec4 v0x7feca9496810_0;
    %assign/vec4 v0x7feca94968c0_0, 0;
T_41.2 ;
T_41.1 ;
    %jmp T_41;
    .thread T_41;
    .scope S_0x7feca9493a20;
T_42 ;
    %wait E_0x7feca9493da0;
    %load/vec4 v0x7feca9493e10_0;
    %store/vec4 v0x7feca9494090_0, 0, 32;
    %load/vec4 v0x7feca9494160_0;
    %dup/vec4;
    %pushi/vec4 0, 0, 2;
    %cmp/u;
    %jmp/1 T_42.0, 6;
    %dup/vec4;
    %pushi/vec4 1, 0, 2;
    %cmp/u;
    %jmp/1 T_42.1, 6;
    %dup/vec4;
    %pushi/vec4 2, 0, 2;
    %cmp/u;
    %jmp/1 T_42.2, 6;
    %dup/vec4;
    %pushi/vec4 3, 0, 2;
    %cmp/u;
    %jmp/1 T_42.3, 6;
    %jmp T_42.4;
T_42.0 ;
    %load/vec4 v0x7feca9493e10_0;
    %store/vec4 v0x7feca9494090_0, 0, 32;
    %jmp T_42.4;
T_42.1 ;
    %load/vec4 v0x7feca9493ed0_0;
    %store/vec4 v0x7feca9494090_0, 0, 32;
    %jmp T_42.4;
T_42.2 ;
    %load/vec4 v0x7feca9493f70_0;
    %store/vec4 v0x7feca9494090_0, 0, 32;
    %jmp T_42.4;
T_42.3 ;
    %load/vec4 v0x7feca9494000_0;
    %store/vec4 v0x7feca9494090_0, 0, 32;
    %jmp T_42.4;
T_42.4 ;
    %pop/vec4 1;
    %jmp T_42;
    .thread T_42, $push;
    .scope S_0x7feca94914e0;
T_43 ;
    %wait E_0x7feca9491b40;
    %pushi/vec4 0, 0, 32;
    %store/vec4 v0x7feca9491e10_0, 0, 32;
    %pushi/vec4 0, 0, 1;
    %store/vec4 v0x7feca9491d80_0, 0, 1;
    %load/vec4 v0x7feca9491b90_0;
    %dup/vec4;
    %pushi/vec4 2, 0, 4;
    %cmp/u;
    %jmp/1 T_43.0, 6;
    %dup/vec4;
    %pushi/vec4 6, 0, 4;
    %cmp/u;
    %jmp/1 T_43.1, 6;
    %dup/vec4;
    %pushi/vec4 0, 0, 4;
    %cmp/u;
    %jmp/1 T_43.2, 6;
    %dup/vec4;
    %pushi/vec4 1, 0, 4;
    %cmp/u;
    %jmp/1 T_43.3, 6;
    %dup/vec4;
    %pushi/vec4 3, 0, 4;
    %cmp/u;
    %jmp/1 T_43.4, 6;
    %dup/vec4;
    %pushi/vec4 4, 0, 4;
    %cmp/u;
    %jmp/1 T_43.5, 6;
    %jmp T_43.6;
T_43.0 ;
    %load/vec4 v0x7feca9491c60_0;
    %load/vec4 v0x7feca9491cf0_0;
    %add;
    %store/vec4 v0x7feca9491e10_0, 0, 32;
    %load/vec4 v0x7feca9491c60_0;
    %parti/s 1, 31, 6;
    %load/vec4 v0x7feca9491cf0_0;
    %parti/s 1, 31, 6;
    %and;
    %load/vec4 v0x7feca9491c60_0;
    %parti/s 1, 31, 6;
    %load/vec4 v0x7feca9491e10_0;
    %parti/s 1, 31, 6;
    %xor;
    %and;
    %store/vec4 v0x7feca9491d80_0, 0, 1;
    %jmp T_43.6;
T_43.1 ;
    %load/vec4 v0x7feca9491c60_0;
    %load/vec4 v0x7feca9491cf0_0;
    %sub;
    %store/vec4 v0x7feca9491e10_0, 0, 32;
    %load/vec4 v0x7feca9491c60_0;
    %parti/s 1, 31, 6;
    %load/vec4 v0x7feca9491cf0_0;
    %parti/s 1, 31, 6;
    %inv;
    %and;
    %load/vec4 v0x7feca9491c60_0;
    %parti/s 1, 31, 6;
    %load/vec4 v0x7feca9491e10_0;
    %parti/s 1, 31, 6;
    %xor;
    %and;
    %store/vec4 v0x7feca9491d80_0, 0, 1;
    %jmp T_43.6;
T_43.2 ;
    %load/vec4 v0x7feca9491c60_0;
    %load/vec4 v0x7feca9491cf0_0;
    %and;
    %store/vec4 v0x7feca9491e10_0, 0, 32;
    %pushi/vec4 0, 0, 1;
    %store/vec4 v0x7feca9491d80_0, 0, 1;
    %jmp T_43.6;
T_43.3 ;
    %load/vec4 v0x7feca9491c60_0;
    %load/vec4 v0x7feca9491cf0_0;
    %or;
    %store/vec4 v0x7feca9491e10_0, 0, 32;
    %pushi/vec4 0, 0, 1;
    %store/vec4 v0x7feca9491d80_0, 0, 1;
    %jmp T_43.6;
T_43.4 ;
    %load/vec4 v0x7feca9491c60_0;
    %load/vec4 v0x7feca9491cf0_0;
    %xor;
    %store/vec4 v0x7feca9491e10_0, 0, 32;
    %pushi/vec4 0, 0, 1;
    %store/vec4 v0x7feca9491d80_0, 0, 1;
    %jmp T_43.6;
T_43.5 ;
    %load/vec4 v0x7feca9491c60_0;
    %load/vec4 v0x7feca9491cf0_0;
    %or;
    %inv;
    %store/vec4 v0x7feca9491e10_0, 0, 32;
    %pushi/vec4 0, 0, 1;
    %store/vec4 v0x7feca9491d80_0, 0, 1;
    %jmp T_43.6;
T_43.6 ;
    %pop/vec4 1;
    %jmp T_43;
    .thread T_43, $push;
    .scope S_0x7feca9494880;
T_44 ;
    %wait E_0x7feca9472de0;
    %load/vec4 v0x7feca9494e50_0;
    %nor/r;
    %flag_set/vec4 8;
    %jmp/0xz  T_44.0, 8;
    %pushi/vec4 0, 0, 32;
    %assign/vec4 v0x7feca9494d30_0, 0;
    %jmp T_44.1;
T_44.0 ;
    %load/vec4 v0x7feca9494dc0_0;
    %flag_set/vec4 8;
    %jmp/0xz  T_44.2, 8;
    %load/vec4 v0x7feca9494c50_0;
    %assign/vec4 v0x7feca9494d30_0, 0;
T_44.2 ;
T_44.1 ;
    %jmp T_44;
    .thread T_44;
    .scope S_0x7feca9492bc0;
T_45 ;
    %wait E_0x7feca9492f40;
    %load/vec4 v0x7feca9492fb0_0;
    %store/vec4 v0x7feca9493230_0, 0, 32;
    %load/vec4 v0x7feca9493300_0;
    %dup/vec4;
    %pushi/vec4 0, 0, 2;
    %cmp/u;
    %jmp/1 T_45.0, 6;
    %dup/vec4;
    %pushi/vec4 1, 0, 2;
    %cmp/u;
    %jmp/1 T_45.1, 6;
    %dup/vec4;
    %pushi/vec4 2, 0, 2;
    %cmp/u;
    %jmp/1 T_45.2, 6;
    %dup/vec4;
    %pushi/vec4 3, 0, 2;
    %cmp/u;
    %jmp/1 T_45.3, 6;
    %jmp T_45.4;
T_45.0 ;
    %load/vec4 v0x7feca9492fb0_0;
    %store/vec4 v0x7feca9493230_0, 0, 32;
    %jmp T_45.4;
T_45.1 ;
    %load/vec4 v0x7feca9493080_0;
    %store/vec4 v0x7feca9493230_0, 0, 32;
    %jmp T_45.4;
T_45.2 ;
    %load/vec4 v0x7feca9493110_0;
    %store/vec4 v0x7feca9493230_0, 0, 32;
    %jmp T_45.4;
T_45.3 ;
    %load/vec4 v0x7feca94931a0_0;
    %store/vec4 v0x7feca9493230_0, 0, 32;
    %jmp T_45.4;
T_45.4 ;
    %pop/vec4 1;
    %jmp T_45;
    .thread T_45, $push;
# The file index is used to find the file name in the following table.
:file_names 14;
    "N/A";
    "<interactive>";
    "mips.v";
    "aluControl.v";
    "control.v";
    "register.v";
    "datapath.v";
    "alu.v";
    "mux2to1.v";
    "mux4to1.v";
    "regfile.v";
    "signExtend.v";
    "shiftLeft32.v";
    "nextPCLogic.v";
