
Cell AOI21X1 disconnected node: A
Cell AOI21X1 disconnected node: B
Cell AOI21X1 disconnected node: C
Cell AOI21X1 disconnected node: gnd
Cell AOI21X1 disconnected node: Y
Cell AOI21X1 disconnected node: vdd

Subcircuit pins:
Circuit 1: AOI21X1                         |Circuit 2: AOI21X1                         
-------------------------------------------|-------------------------------------------
A                                          |A                                          
B                                          |B                                          
C                                          |C                                          
gnd                                        |gnd                                        
Y                                          |Y                                          
vdd                                        |vdd                                        
---------------------------------------------------------------------------------------
Cell pin lists are equivalent.
Device classes AOI21X1 and AOI21X1 are equivalent.

Cell INVX2 disconnected node: A
Cell INVX2 disconnected node: gnd
Cell INVX2 disconnected node: Y
Cell INVX2 disconnected node: vdd

Subcircuit pins:
Circuit 1: INVX2                           |Circuit 2: INVX2                           
-------------------------------------------|-------------------------------------------
A                                          |A                                          
gnd                                        |gnd                                        
Y                                          |Y                                          
vdd                                        |vdd                                        
---------------------------------------------------------------------------------------
Cell pin lists are equivalent.
Device classes INVX2 and INVX2 are equivalent.

Cell INVX1 disconnected node: A
Cell INVX1 disconnected node: gnd
Cell INVX1 disconnected node: Y
Cell INVX1 disconnected node: vdd

Subcircuit pins:
Circuit 1: INVX1                           |Circuit 2: INVX1                           
-------------------------------------------|-------------------------------------------
A                                          |A                                          
gnd                                        |gnd                                        
Y                                          |Y                                          
vdd                                        |vdd                                        
---------------------------------------------------------------------------------------
Cell pin lists are equivalent.
Device classes INVX1 and INVX1 are equivalent.

Cell OAI21X1 disconnected node: A
Cell OAI21X1 disconnected node: B
Cell OAI21X1 disconnected node: C
Cell OAI21X1 disconnected node: gnd
Cell OAI21X1 disconnected node: Y
Cell OAI21X1 disconnected node: vdd

Subcircuit pins:
Circuit 1: OAI21X1                         |Circuit 2: OAI21X1                         
-------------------------------------------|-------------------------------------------
A                                          |A                                          
B                                          |B                                          
C                                          |C                                          
gnd                                        |gnd                                        
Y                                          |Y                                          
vdd                                        |vdd                                        
---------------------------------------------------------------------------------------
Cell pin lists are equivalent.
Device classes OAI21X1 and OAI21X1 are equivalent.

Cell DFFSR disconnected node: Q
Cell DFFSR disconnected node: CLK
Cell DFFSR disconnected node: R
Cell DFFSR disconnected node: S
Cell DFFSR disconnected node: D
Cell DFFSR disconnected node: gnd
Cell DFFSR disconnected node: vdd

Subcircuit pins:
Circuit 1: DFFSR                           |Circuit 2: DFFSR                           
-------------------------------------------|-------------------------------------------
Q                                          |Q                                          
CLK                                        |CLK                                        
R                                          |R                                          
S                                          |S                                          
D                                          |D                                          
gnd                                        |gnd                                        
vdd                                        |vdd                                        
---------------------------------------------------------------------------------------
Cell pin lists are equivalent.
Device classes DFFSR and DFFSR are equivalent.

Cell NOR2X1 disconnected node: A
Cell NOR2X1 disconnected node: B
Cell NOR2X1 disconnected node: gnd
Cell NOR2X1 disconnected node: Y
Cell NOR2X1 disconnected node: vdd

Subcircuit pins:
Circuit 1: NOR2X1                          |Circuit 2: NOR2X1                          
-------------------------------------------|-------------------------------------------
A                                          |A                                          
B                                          |B                                          
gnd                                        |gnd                                        
Y                                          |Y                                          
vdd                                        |vdd                                        
---------------------------------------------------------------------------------------
Cell pin lists are equivalent.
Device classes NOR2X1 and NOR2X1 are equivalent.

Cell AOI22X1 disconnected node: A
Cell AOI22X1 disconnected node: B
Cell AOI22X1 disconnected node: C
Cell AOI22X1 disconnected node: D
Cell AOI22X1 disconnected node: gnd
Cell AOI22X1 disconnected node: Y
Cell AOI22X1 disconnected node: vdd

Subcircuit pins:
Circuit 1: AOI22X1                         |Circuit 2: AOI22X1                         
-------------------------------------------|-------------------------------------------
A                                          |A                                          
B                                          |B                                          
C                                          |C                                          
D                                          |D                                          
gnd                                        |gnd                                        
Y                                          |Y                                          
vdd                                        |vdd                                        
---------------------------------------------------------------------------------------
Cell pin lists are equivalent.
Device classes AOI22X1 and AOI22X1 are equivalent.

Cell OAI22X1 disconnected node: A
Cell OAI22X1 disconnected node: B
Cell OAI22X1 disconnected node: C
Cell OAI22X1 disconnected node: D
Cell OAI22X1 disconnected node: gnd
Cell OAI22X1 disconnected node: Y
Cell OAI22X1 disconnected node: vdd

Subcircuit pins:
Circuit 1: OAI22X1                         |Circuit 2: OAI22X1                         
-------------------------------------------|-------------------------------------------
A                                          |A                                          
B                                          |B                                          
C                                          |C                                          
D                                          |D                                          
gnd                                        |gnd                                        
Y                                          |Y                                          
vdd                                        |vdd                                        
---------------------------------------------------------------------------------------
Cell pin lists are equivalent.
Device classes OAI22X1 and OAI22X1 are equivalent.

Cell NAND2X1 disconnected node: A
Cell NAND2X1 disconnected node: B
Cell NAND2X1 disconnected node: gnd
Cell NAND2X1 disconnected node: Y
Cell NAND2X1 disconnected node: vdd

Subcircuit pins:
Circuit 1: NAND2X1                         |Circuit 2: NAND2X1                         
-------------------------------------------|-------------------------------------------
A                                          |A                                          
B                                          |B                                          
gnd                                        |gnd                                        
Y                                          |Y                                          
vdd                                        |vdd                                        
---------------------------------------------------------------------------------------
Cell pin lists are equivalent.
Device classes NAND2X1 and NAND2X1 are equivalent.

Cell AND2X2 disconnected node: A
Cell AND2X2 disconnected node: B
Cell AND2X2 disconnected node: gnd
Cell AND2X2 disconnected node: Y
Cell AND2X2 disconnected node: vdd

Subcircuit pins:
Circuit 1: AND2X2                          |Circuit 2: AND2X2                          
-------------------------------------------|-------------------------------------------
A                                          |A                                          
B                                          |B                                          
gnd                                        |gnd                                        
Y                                          |Y                                          
vdd                                        |vdd                                        
---------------------------------------------------------------------------------------
Cell pin lists are equivalent.
Device classes AND2X2 and AND2X2 are equivalent.

Cell NAND3X1 disconnected node: A
Cell NAND3X1 disconnected node: B
Cell NAND3X1 disconnected node: C
Cell NAND3X1 disconnected node: gnd
Cell NAND3X1 disconnected node: Y
Cell NAND3X1 disconnected node: vdd

Subcircuit pins:
Circuit 1: NAND3X1                         |Circuit 2: NAND3X1                         
-------------------------------------------|-------------------------------------------
A                                          |A                                          
B                                          |B                                          
C                                          |C                                          
gnd                                        |gnd                                        
Y                                          |Y                                          
vdd                                        |vdd                                        
---------------------------------------------------------------------------------------
Cell pin lists are equivalent.
Device classes NAND3X1 and NAND3X1 are equivalent.

Cell BUFX2 disconnected node: A
Cell BUFX2 disconnected node: gnd
Cell BUFX2 disconnected node: Y
Cell BUFX2 disconnected node: vdd

Subcircuit pins:
Circuit 1: BUFX2                           |Circuit 2: BUFX2                           
-------------------------------------------|-------------------------------------------
A                                          |A                                          
gnd                                        |gnd                                        
Y                                          |Y                                          
vdd                                        |vdd                                        
---------------------------------------------------------------------------------------
Cell pin lists are equivalent.
Device classes BUFX2 and BUFX2 are equivalent.

Cell CLKBUF1 disconnected node: A
Cell CLKBUF1 disconnected node: gnd
Cell CLKBUF1 disconnected node: Y
Cell CLKBUF1 disconnected node: vdd

Subcircuit pins:
Circuit 1: CLKBUF1                         |Circuit 2: CLKBUF1                         
-------------------------------------------|-------------------------------------------
A                                          |A                                          
gnd                                        |gnd                                        
Y                                          |Y                                          
vdd                                        |vdd                                        
---------------------------------------------------------------------------------------
Cell pin lists are equivalent.
Device classes CLKBUF1 and CLKBUF1 are equivalent.

Cell INVX4 disconnected node: A
Cell INVX4 disconnected node: gnd
Cell INVX4 disconnected node: Y
Cell INVX4 disconnected node: vdd

Subcircuit pins:
Circuit 1: INVX4                           |Circuit 2: INVX4                           
-------------------------------------------|-------------------------------------------
A                                          |A                                          
gnd                                        |gnd                                        
Y                                          |Y                                          
vdd                                        |vdd                                        
---------------------------------------------------------------------------------------
Cell pin lists are equivalent.
Device classes INVX4 and INVX4 are equivalent.

Cell NOR3X1 disconnected node: A
Cell NOR3X1 disconnected node: B
Cell NOR3X1 disconnected node: C
Cell NOR3X1 disconnected node: gnd
Cell NOR3X1 disconnected node: Y
Cell NOR3X1 disconnected node: vdd

Subcircuit pins:
Circuit 1: NOR3X1                          |Circuit 2: NOR3X1                          
-------------------------------------------|-------------------------------------------
A                                          |A                                          
B                                          |B                                          
C                                          |C                                          
gnd                                        |gnd                                        
Y                                          |Y                                          
vdd                                        |vdd                                        
---------------------------------------------------------------------------------------
Cell pin lists are equivalent.
Device classes NOR3X1 and NOR3X1 are equivalent.

Cell OR2X2 disconnected node: A
Cell OR2X2 disconnected node: B
Cell OR2X2 disconnected node: gnd
Cell OR2X2 disconnected node: Y
Cell OR2X2 disconnected node: vdd

Subcircuit pins:
Circuit 1: OR2X2                           |Circuit 2: OR2X2                           
-------------------------------------------|-------------------------------------------
A                                          |A                                          
B                                          |B                                          
gnd                                        |gnd                                        
Y                                          |Y                                          
vdd                                        |vdd                                        
---------------------------------------------------------------------------------------
Cell pin lists are equivalent.
Device classes OR2X2 and OR2X2 are equivalent.

Cell XNOR2X1 disconnected node: A
Cell XNOR2X1 disconnected node: B
Cell XNOR2X1 disconnected node: gnd
Cell XNOR2X1 disconnected node: Y
Cell XNOR2X1 disconnected node: vdd

Subcircuit pins:
Circuit 1: XNOR2X1                         |Circuit 2: XNOR2X1                         
-------------------------------------------|-------------------------------------------
A                                          |A                                          
B                                          |B                                          
gnd                                        |gnd                                        
Y                                          |Y                                          
vdd                                        |vdd                                        
---------------------------------------------------------------------------------------
Cell pin lists are equivalent.
Device classes XNOR2X1 and XNOR2X1 are equivalent.

Cell INVX8 disconnected node: A
Cell INVX8 disconnected node: gnd
Cell INVX8 disconnected node: Y
Cell INVX8 disconnected node: vdd

Subcircuit pins:
Circuit 1: INVX8                           |Circuit 2: INVX8                           
-------------------------------------------|-------------------------------------------
A                                          |A                                          
gnd                                        |gnd                                        
Y                                          |Y                                          
vdd                                        |vdd                                        
---------------------------------------------------------------------------------------
Cell pin lists are equivalent.
Device classes INVX8 and INVX8 are equivalent.

Cell XOR2X1 disconnected node: A
Cell XOR2X1 disconnected node: B
Cell XOR2X1 disconnected node: gnd
Cell XOR2X1 disconnected node: Y
Cell XOR2X1 disconnected node: vdd

Subcircuit pins:
Circuit 1: XOR2X1                          |Circuit 2: XOR2X1                          
-------------------------------------------|-------------------------------------------
A                                          |A                                          
B                                          |B                                          
gnd                                        |gnd                                        
Y                                          |Y                                          
vdd                                        |vdd                                        
---------------------------------------------------------------------------------------
Cell pin lists are equivalent.
Device classes XOR2X1 and XOR2X1 are equivalent.

Subcircuit summary:
Circuit 1: mips                            |Circuit 2: mips                            
-------------------------------------------|-------------------------------------------
NAND2X1 (1582)                             |NAND2X1 (1582)                             
DFFSR (1220)                               |DFFSR (1220)                               
INVX1 (2316)                               |INVX1 (2316)                               
BUFX2 (1036)                               |BUFX2 (1036)                               
OAI21X1 (1597)                             |OAI21X1 (1597)                             
NOR2X1 (734)                               |NOR2X1 (734)                               
OR2X2 (28)                                 |OR2X2 (28)                                 
OAI22X1 (598)                              |OAI22X1 (598)                              
AOI22X1 (381)                              |AOI22X1 (381)                              
NAND3X1 (570)                              |NAND3X1 (570)                              
XNOR2X1 (9)                                |XNOR2X1 (9)                                
NOR3X1 (100)                               |NOR3X1 (100)                               
AOI21X1 (242)                              |AOI21X1 (242)                              
INVX8 (39)                                 |INVX8 (39)                                 
CLKBUF1 (124)                              |CLKBUF1 (124)                              
INVX2 (52)                                 |INVX2 (52)                                 
AND2X2 (52)                                |AND2X2 (52)                                
INVX4 (18)                                 |INVX4 (18)                                 
XOR2X1 (12)                                |XOR2X1 (12)                                
Number of devices: 10710                   |Number of devices: 10710                   
Number of nets: 10746                      |Number of nets: 10746                      
---------------------------------------------------------------------------------------
Circuits match uniquely.
Netlists match uniquely.

Subcircuit pins:
Circuit 1: mips                            |Circuit 2: mips                            
-------------------------------------------|-------------------------------------------
clk                                        |clk                                        
rst                                        |rst                                        
MemWrite                                   |MemWrite                                   
MemRead                                    |MemRead                                    
memoryWriteData[10]                        |memoryWriteData[10]                        
memoryWriteData[12]                        |memoryWriteData[12]                        
memoryWriteData[11]                        |memoryWriteData[11]                        
memoryWriteData[13]                        |memoryWriteData[13]                        
memoryWriteData[14]                        |memoryWriteData[14]                        
memoryWriteData[15]                        |memoryWriteData[15]                        
memoryWriteData[31]                        |memoryWriteData[31]                        
memoryWriteData[0]                         |memoryWriteData[0]                         
memoryWriteData[1]                         |memoryWriteData[1]                         
memoryWriteData[2]                         |memoryWriteData[2]                         
memoryWriteData[4]                         |memoryWriteData[4]                         
memoryWriteData[6]                         |memoryWriteData[6]                         
memoryWriteData[16]                        |memoryWriteData[16]                        
memoryWriteData[3]                         |memoryWriteData[3]                         
memoryWriteData[23]                        |memoryWriteData[23]                        
memoryWriteData[7]                         |memoryWriteData[7]                         
memoryWriteData[24]                        |memoryWriteData[24]                        
memoryWriteData[21]                        |memoryWriteData[21]                        
memoryWriteData[22]                        |memoryWriteData[22]                        
memoryWriteData[8]                         |memoryWriteData[8]                         
memoryWriteData[17]                        |memoryWriteData[17]                        
memoryWriteData[5]                         |memoryWriteData[5]                         
memoryWriteData[25]                        |memoryWriteData[25]                        
memoryWriteData[9]                         |memoryWriteData[9]                         
memoryWriteData[18]                        |memoryWriteData[18]                        
memoryWriteData[30]                        |memoryWriteData[30]                        
memoryWriteData[20]                        |memoryWriteData[20]                        
memoryWriteData[27]                        |memoryWriteData[27]                        
memoryWriteData[19]                        |memoryWriteData[19]                        
memoryWriteData[28]                        |memoryWriteData[28]                        
memoryWriteData[29]                        |memoryWriteData[29]                        
memoryWriteData[26]                        |memoryWriteData[26]                        
memoryAddress[24]                          |memoryAddress[24]                          
memoryAddress[3]                           |memoryAddress[3]                           
memoryAddress[0]                           |memoryAddress[0]                           
memoryAddress[29]                          |memoryAddress[29]                          
memoryAddress[31]                          |memoryAddress[31]                          
memoryAddress[20]                          |memoryAddress[20]                          
memoryAddress[26]                          |memoryAddress[26]                          
memoryAddress[22]                          |memoryAddress[22]                          
memoryAddress[25]                          |memoryAddress[25]                          
memoryAddress[19]                          |memoryAddress[19]                          
memoryAddress[18]                          |memoryAddress[18]                          
memoryAddress[2]                           |memoryAddress[2]                           
memoryAddress[10]                          |memoryAddress[10]                          
memoryAddress[9]                           |memoryAddress[9]                           
memoryAddress[11]                          |memoryAddress[11]                          
memoryAddress[12]                          |memoryAddress[12]                          
memoryAddress[8]                           |memoryAddress[8]                           
memoryAddress[13]                          |memoryAddress[13]                          
memoryAddress[27]                          |memoryAddress[27]                          
memoryAddress[17]                          |memoryAddress[17]                          
memoryAddress[1]                           |memoryAddress[1]                           
memoryAddress[5]                           |memoryAddress[5]                           
memoryAddress[4]                           |memoryAddress[4]                           
memoryAddress[15]                          |memoryAddress[15]                          
memoryAddress[6]                           |memoryAddress[6]                           
memoryAddress[14]                          |memoryAddress[14]                          
memoryAddress[16]                          |memoryAddress[16]                          
memoryAddress[23]                          |memoryAddress[23]                          
memoryAddress[21]                          |memoryAddress[21]                          
memoryAddress[7]                           |memoryAddress[7]                           
memoryAddress[28]                          |memoryAddress[28]                          
memoryAddress[30]                          |memoryAddress[30]                          
memoryOutData[0]                           |memoryOutData[0]                           
memoryOutData[4]                           |memoryOutData[4]                           
memoryOutData[2]                           |memoryOutData[2]                           
memoryOutData[22]                          |memoryOutData[22]                          
memoryOutData[17]                          |memoryOutData[17]                          
memoryOutData[16]                          |memoryOutData[16]                          
memoryOutData[14]                          |memoryOutData[14]                          
memoryOutData[12]                          |memoryOutData[12]                          
memoryOutData[11]                          |memoryOutData[11]                          
memoryOutData[10]                          |memoryOutData[10]                          
memoryOutData[8]                           |memoryOutData[8]                           
memoryOutData[6]                           |memoryOutData[6]                           
memoryOutData[24]                          |memoryOutData[24]                          
memoryOutData[20]                          |memoryOutData[20]                          
memoryOutData[19]                          |memoryOutData[19]                          
memoryOutData[15]                          |memoryOutData[15]                          
memoryOutData[31]                          |memoryOutData[31]                          
memoryOutData[30]                          |memoryOutData[30]                          
memoryOutData[29]                          |memoryOutData[29]                          
memoryOutData[5]                           |memoryOutData[5]                           
memoryOutData[26]                          |memoryOutData[26]                          
memoryOutData[1]                           |memoryOutData[1]                           
memoryOutData[21]                          |memoryOutData[21]                          
memoryOutData[13]                          |memoryOutData[13]                          
memoryOutData[9]                           |memoryOutData[9]                           
memoryOutData[3]                           |memoryOutData[3]                           
memoryOutData[25]                          |memoryOutData[25]                          
memoryOutData[7]                           |memoryOutData[7]                           
memoryOutData[28]                          |memoryOutData[28]                          
memoryOutData[27]                          |memoryOutData[27]                          
memoryOutData[23]                          |memoryOutData[23]                          
memoryOutData[18]                          |memoryOutData[18]                          
vdd                                        |vdd                                        
gnd                                        |gnd                                        
---------------------------------------------------------------------------------------
Cell pin lists are equivalent.
Device classes mips and mips are equivalent.
Circuits match uniquely.
