#! /usr/local/bin/vvp
:ivl_version "11.0 (devel)" "(s20150603-819-g462ee62f)";
:ivl_delay_selection "TYPICAL";
:vpi_time_precision + 0;
:vpi_module "/usr/local/lib/ivl/system.vpi";
:vpi_module "/usr/local/lib/ivl/vhdl_sys.vpi";
:vpi_module "/usr/local/lib/ivl/vhdl_textio.vpi";
:vpi_module "/usr/local/lib/ivl/v2005_math.vpi";
:vpi_module "/usr/local/lib/ivl/va_math.vpi";
S_0x7f99cf600c60 .scope module, "lfsr16" "lfsr16" 2 1;
 .timescale 0 0;
    .port_info 0 /INPUT 1 "clk";
    .port_info 1 /INPUT 1 "rst";
    .port_info 2 /OUTPUT 16 "dout";
    .port_info 3 /INPUT 16 "seed";
L_0x7f99cf611120 .functor BUFZ 16, v0x7f99cf610e00_0, C4<0000000000000000>, C4<0000000000000000>, C4<0000000000000000>;
o0x1076a3008 .functor BUFZ 1, C4<z>; HiZ drive
v0x7f99cf600dd0_0 .net "clk", 0 0, o0x1076a3008;  0 drivers
v0x7f99cf610e00_0 .var "data", 15 0;
v0x7f99cf610ea0_0 .net "dout", 15 0, L_0x7f99cf611120;  1 drivers
o0x1076a3098 .functor BUFZ 1, C4<z>; HiZ drive
v0x7f99cf610f50_0 .net "rst", 0 0, o0x1076a3098;  0 drivers
o0x1076a30c8 .functor BUFZ 16, C4<zzzzzzzzzzzzzzzz>; HiZ drive
v0x7f99cf610ff0_0 .net "seed", 15 0, o0x1076a30c8;  0 drivers
E_0x7f99cf600ba0/0 .event negedge, v0x7f99cf610f50_0;
E_0x7f99cf600ba0/1 .event posedge, v0x7f99cf600dd0_0;
E_0x7f99cf600ba0 .event/or E_0x7f99cf600ba0/0, E_0x7f99cf600ba0/1;
    .scope S_0x7f99cf600c60;
T_0 ;
    %wait E_0x7f99cf600ba0;
    %load/vec4 v0x7f99cf610f50_0;
    %inv;
    %flag_set/vec4 8;
    %jmp/0xz  T_0.0, 8;
    %load/vec4 v0x7f99cf610ff0_0;
    %assign/vec4 v0x7f99cf610e00_0, 0;
    %jmp T_0.1;
T_0.0 ;
    %load/vec4 v0x7f99cf610e00_0;
    %ix/load 4, 1, 0;
    %flag_set/imm 4, 0;
    %shiftl 4;
    %assign/vec4 v0x7f99cf610e00_0, 0;
    %load/vec4 v0x7f99cf610e00_0;
    %parti/s 1, 10, 5;
    %load/vec4 v0x7f99cf610e00_0;
    %parti/s 1, 12, 5;
    %xor;
    %ix/load 4, 0, 0;
    %ix/load 5, 0, 0;
    %flag_set/imm 4, 0;
    %assign/vec4/off/d v0x7f99cf610e00_0, 4, 5;
T_0.1 ;
    %jmp T_0;
    .thread T_0;
# The file index is used to find the file name in the following table.
:file_names 3;
    "N/A";
    "<interactive>";
    "lfsr16/lfsr16.v";
