Qflow DRC logfile created on Sun Jul 19 08:21:21 EDT 2020
magic -dnull -noconsole  /home/osboxes/Desktop/proyecto/qflow_project/layout/run_drc_mips.tcl

Magic 8.3 revision 35 - Compiled on Sun Jul 19 00:24:41 EDT 2020.
Starting magic under Tcl interpreter
Using the terminal as the console.
Using NULL graphics device.
Processing system .magicrc file
Input style lambda=0.10(p): scaleFactor=10, multiplier=1
Contact size value ignored (using GDS generation rules).
Contact size value ignored (using GDS generation rules).
Contact size value ignored (using GDS generation rules).
Contact size value ignored (using GDS generation rules).
Contact size value ignored (using GDS generation rules).
Contact size value ignored (using GDS generation rules).
Loading "/home/osboxes/Desktop/proyecto/qflow_project/layout/run_drc_mips.tcl" from command line.
Reading LEF data from file /usr/local/share/qflow/tech/osu018/osu018_stdcells.lef.
This action cannot be undone.
LEF read, Line 16 (Message): Unknown keyword "OBS" in LEF file; ignoring.
LEF read, Line 17 (Message): Unknown keyword "PIN" in LEF file; ignoring.
LEF read: Processed 2941 lines.
mips: 10000 rects
mips: 20000 rects
mips: 30000 rects
mips: 40000 rects
mips: 50000 rects
mips: 60000 rects
mips: 70000 rects
mips: 80000 rects
mips: 90000 rects
mips: 100000 rects
mips: 110000 rects
mips: 120000 rects
mips: 130000 rects
mips: 140000 rects
mips: 150000 rects
mips: 160000 rects
mips: 170000 rects
mips: 180000 rects
mips: 190000 rects
mips: 200000 rects
mips: 210000 rects
Processing timestamp mismatches: FILL, INVX1, BUFX2, NAND2X1, OAI21X1, CLKBUF1, DFFSR, NOR3X1, NOR2X1, OR2X2, NAND3X1, AND2X2, INVX2, AOI21X1, AOI22X1, OAI22X1, INVX4, INVX8, XOR2X1, XNOR2X1.
drc = 0
DRC checking script ended on Sun Jul 19 08:21:52 EDT 2020
