#! /usr/local/bin/vvp
:ivl_version "11.0 (devel)" "(s20150603-819-g462ee62f)";
:ivl_delay_selection "TYPICAL";
:vpi_time_precision + 0;
:vpi_module "/usr/local/lib/ivl/system.vpi";
:vpi_module "/usr/local/lib/ivl/vhdl_sys.vpi";
:vpi_module "/usr/local/lib/ivl/vhdl_textio.vpi";
:vpi_module "/usr/local/lib/ivl/v2005_math.vpi";
:vpi_module "/usr/local/lib/ivl/va_math.vpi";
S_0x7f9527c03250 .scope module, "lbshifter" "lbshifter" 2 1;
 .timescale 0 0;
    .port_info 0 /INPUT 8 "din";
    .port_info 1 /OUTPUT 8 "dout";
P_0x7f9527c03140 .param/l "N" 0 2 2, +C4<00000000000000000000000000001000>;
L_0x7f9527e085b0 .functor BUFZ 8, v0x7f9527c00df0_0, C4<00000000>, C4<00000000>, C4<00000000>;
v0x7f9527c00df0_0 .var "data", 7 0;
o0x101b89038 .functor BUFZ 8, C4<zzzzzzzz>; HiZ drive
v0x7f9527e08420_0 .net "din", 7 0, o0x101b89038;  0 drivers
v0x7f9527e084e0_0 .net "dout", 7 0, L_0x7f9527e085b0;  1 drivers
E_0x7f9527c030b0 .event edge, v0x7f9527e08420_0;
    .scope S_0x7f9527c03250;
T_0 ;
    %wait E_0x7f9527c030b0;
    %load/vec4 v0x7f9527c00df0_0;
    %ix/load 4, 1, 0;
    %flag_set/imm 4, 0;
    %shiftl 4;
    %store/vec4 v0x7f9527c00df0_0, 0, 8;
    %jmp T_0;
    .thread T_0, $push;
# The file index is used to find the file name in the following table.
:file_names 3;
    "N/A";
    "<interactive>";
    "lbshifter/lbshifter.v";
