#! /usr/local/bin/vvp
:ivl_version "11.0 (devel)" "(s20150603-819-g462ee62f)";
:ivl_delay_selection "TYPICAL";
:vpi_time_precision + 0;
:vpi_module "/usr/local/lib/ivl/system.vpi";
:vpi_module "/usr/local/lib/ivl/vhdl_sys.vpi";
:vpi_module "/usr/local/lib/ivl/vhdl_textio.vpi";
:vpi_module "/usr/local/lib/ivl/v2005_math.vpi";
:vpi_module "/usr/local/lib/ivl/va_math.vpi";
S_0x7f92a6d01560 .scope module, "asr8" "asr8" 2 2;
 .timescale 0 0;
    .port_info 0 /INPUT 1 "clk";
    .port_info 1 /INPUT 1 "rst";
    .port_info 2 /INPUT 8 "din";
    .port_info 3 /OUTPUT 8 "dout";
    .port_info 4 /INPUT 3 "addr";
P_0x7f92a6d067b0 .param/l "N" 0 2 3, +C4<00000000000000000000000000001000>;
v0x7f92a6d06680_0 .net *"_ivl_0", 8 0, L_0x7f92a6d18450;  1 drivers
v0x7f92a6d17d40_0 .net *"_ivl_2", 4 0, L_0x7f92a6e00210;  1 drivers
L_0x109d22008 .functor BUFT 1, C4<00>, C4<0>, C4<0>, C4<0>;
v0x7f92a6d17de0_0 .net *"_ivl_5", 1 0, L_0x109d22008;  1 drivers
o0x109cf1098 .functor BUFZ 3, C4<zzz>; HiZ drive
v0x7f92a6d17e90_0 .net "addr", 2 0, o0x109cf1098;  0 drivers
o0x109cf10c8 .functor BUFZ 1, C4<z>; HiZ drive
v0x7f92a6d17f40_0 .net "clk", 0 0, o0x109cf10c8;  0 drivers
o0x109cf10f8 .functor BUFZ 8, C4<zzzzzzzz>; HiZ drive
v0x7f92a6d18020_0 .net "din", 7 0, o0x109cf10f8;  0 drivers
v0x7f92a6d180d0_0 .net "dout", 7 0, L_0x7f92a6e00310;  1 drivers
v0x7f92a6d18180_0 .var/i "i", 31 0;
v0x7f92a6d18230 .array "regarray", 0 7, 8 0;
o0x109cf1188 .functor BUFZ 1, C4<z>; HiZ drive
v0x7f92a6d18340_0 .net "rst", 0 0, o0x109cf1188;  0 drivers
E_0x7f92a6d06db0/0 .event negedge, v0x7f92a6d18340_0;
E_0x7f92a6d06db0/1 .event posedge, v0x7f92a6d17f40_0;
E_0x7f92a6d06db0 .event/or E_0x7f92a6d06db0/0, E_0x7f92a6d06db0/1;
L_0x7f92a6d18450 .array/port v0x7f92a6d18230, L_0x7f92a6e00210;
L_0x7f92a6e00210 .concat [ 3 2 0 0], o0x109cf1098, L_0x109d22008;
L_0x7f92a6e00310 .part L_0x7f92a6d18450, 0, 8;
    .scope S_0x7f92a6d01560;
T_0 ;
    %wait E_0x7f92a6d06db0;
    %load/vec4 v0x7f92a6d18340_0;
    %inv;
    %flag_set/vec4 8;
    %jmp/0xz  T_0.0, 8;
    %pushi/vec4 0, 0, 32;
    %store/vec4 v0x7f92a6d18180_0, 0, 32;
T_0.2 ;
    %load/vec4 v0x7f92a6d18180_0;
    %cmpi/s 8, 0, 32;
    %jmp/0xz T_0.3, 5;
    %pushi/vec4 0, 0, 9;
    %ix/getv/s 3, v0x7f92a6d18180_0;
    %ix/load 4, 0, 0; Constant delay
    %assign/vec4/a/d v0x7f92a6d18230, 0, 4;
    %load/vec4 v0x7f92a6d18180_0;
    %addi 1, 0, 32;
    %store/vec4 v0x7f92a6d18180_0, 0, 32;
    %jmp T_0.2;
T_0.3 ;
    %jmp T_0.1;
T_0.0 ;
    %pushi/vec4 7, 0, 32;
    %store/vec4 v0x7f92a6d18180_0, 0, 32;
T_0.4 ;
    %load/vec4 v0x7f92a6d18180_0;
    %cmpi/s 0, 0, 32;
    %flag_or 5, 4; GT is !LE
    %flag_inv 5;
    %jmp/0xz T_0.5, 5;
    %load/vec4 v0x7f92a6d18180_0;
    %pad/s 33;
    %subi 1, 0, 33;
    %ix/vec4/s 4;
    %load/vec4a v0x7f92a6d18230, 4;
    %ix/getv/s 3, v0x7f92a6d18180_0;
    %ix/load 4, 0, 0; Constant delay
    %assign/vec4/a/d v0x7f92a6d18230, 0, 4;
    %load/vec4 v0x7f92a6d18180_0;
    %subi 1, 0, 32;
    %store/vec4 v0x7f92a6d18180_0, 0, 32;
    %jmp T_0.4;
T_0.5 ;
    %load/vec4 v0x7f92a6d18020_0;
    %pad/u 9;
    %ix/load 3, 0, 0;
    %flag_set/imm 4, 0;
    %ix/load 4, 0, 0; Constant delay
    %assign/vec4/a/d v0x7f92a6d18230, 0, 4;
T_0.1 ;
    %jmp T_0;
    .thread T_0;
# The file index is used to find the file name in the following table.
:file_names 3;
    "N/A";
    "<interactive>";
    "asr8/asr8.v";
